INFO 2026-01-08 13:56:06,275 autoreload Watching for file changes with StatReloader
INFO 2026-01-08 13:56:12,586 basehttp code 400, message Bad request version ('jj\x13\x01\x13\x02\x13\x03À+À/À,À0Ì©Ì¨À\x13À\x14\x00\x9c\x00\x9d\x00/\x005\x01\x00\x06¥')
ERROR 2026-01-08 13:56:12,588 basehttp You're accessing the development server over HTTPS, but it only supports HTTP.
INFO 2026-01-08 13:56:12,838 basehttp code 400, message Bad request version ('jj\x13\x01\x13\x02\x13\x03À+À/À,À0Ì©Ì¨À\x13À\x14\x00\x9c\x00\x9d\x00/\x005\x01\x00\x06Eúú\x00\x00\x00')
ERROR 2026-01-08 13:56:12,841 basehttp You're accessing the development server over HTTPS, but it only supports HTTP.
INFO 2026-01-08 13:56:12,895 basehttp code 400, message Bad request version ('\x02h2\x08http/1.1\x00')
ERROR 2026-01-08 13:56:12,897 basehttp You're accessing the development server over HTTPS, but it only supports HTTP.
INFO 2026-01-08 13:56:13,161 basehttp code 400, message Bad request version ('åM¶\x06\x96=')
ERROR 2026-01-08 13:56:13,162 basehttp You're accessing the development server over HTTPS, but it only supports HTTP.
INFO 2026-01-08 13:58:39,146 autoreload Watching for file changes with StatReloader
INFO 2026-01-08 13:58:42,621 basehttp "GET / HTTP/1.1" 200 1662
INFO 2026-01-08 13:58:42,783 basehttp "GET /static/drf-yasg/style.css HTTP/1.1" 200 1047
INFO 2026-01-08 13:58:42,833 basehttp "GET /static/drf-yasg/swagger-ui-dist/swagger-ui.css HTTP/1.1" 200 145206
INFO 2026-01-08 13:58:42,941 basehttp "GET /static/drf-yasg/swagger-ui-dist/swagger-ui-bundle.js HTTP/1.1" 200 1046583
INFO 2026-01-08 13:58:43,026 basehttp "GET /static/drf-yasg/insQ.min.js HTTP/1.1" 200 2093
INFO 2026-01-08 13:58:43,143 basehttp "GET /static/drf-yasg/swagger-ui-init.js HTTP/1.1" 200 15480
INFO 2026-01-08 13:58:43,184 basehttp "GET /static/drf-yasg/immutable.min.js HTTP/1.1" 200 56904
INFO 2026-01-08 13:58:43,233 basehttp "GET /static/drf-yasg/swagger-ui-dist/swagger-ui-standalone-preset.js HTTP/1.1" 200 322863
INFO 2026-01-08 13:58:43,544 basehttp "GET /?format=openapi HTTP/1.1" 200 6022
INFO 2026-01-08 13:58:43,583 basehttp "GET /static/drf-yasg/swagger-ui-dist/favicon-32x32.png HTTP/1.1" 200 628
INFO 2026-01-08 14:00:12,642 autoreload Watching for file changes with StatReloader
INFO 2026-01-08 14:00:16,084 basehttp "GET / HTTP/1.1" 200 1662
INFO 2026-01-08 14:00:16,535 basehttp "GET /?format=openapi HTTP/1.1" 200 6022
INFO 2026-01-08 14:00:18,740 basehttp "GET /admin HTTP/1.1" 301 0
INFO 2026-01-08 14:00:18,774 basehttp "GET /admin/ HTTP/1.1" 302 0
INFO 2026-01-08 14:00:19,075 basehttp "GET /admin/login/?next=/admin/ HTTP/1.1" 200 4155
INFO 2026-01-08 14:00:19,228 basehttp "GET /static/admin/css/base.css HTTP/1.1" 200 21544
INFO 2026-01-08 14:00:19,252 basehttp "GET /static/admin/css/dark_mode.css HTTP/1.1" 200 2682
INFO 2026-01-08 14:00:19,274 basehttp "GET /static/admin/css/nav_sidebar.css HTTP/1.1" 200 2810
INFO 2026-01-08 14:00:19,297 basehttp "GET /static/admin/css/login.css HTTP/1.1" 200 958
INFO 2026-01-08 14:00:19,328 basehttp "GET /static/admin/css/responsive.css HTTP/1.1" 200 17905
INFO 2026-01-08 14:00:19,373 basehttp "GET /static/admin/js/theme.js HTTP/1.1" 200 1943
INFO 2026-01-08 14:00:19,425 basehttp "GET /static/admin/js/nav_sidebar.js HTTP/1.1" 200 3063
WARNING 2026-01-08 14:00:19,472 log Not Found: /favicon.ico
WARNING 2026-01-08 14:00:19,474 basehttp "GET /favicon.ico HTTP/1.1" 404 2734
INFO 2026-01-08 14:00:33,622 basehttp "POST /admin/login/?next=/admin/ HTTP/1.1" 302 0
INFO 2026-01-08 14:00:33,705 basehttp "GET /admin/ HTTP/1.1" 200 7956
INFO 2026-01-08 14:00:33,763 basehttp "GET /static/admin/css/dashboard.css HTTP/1.1" 200 441
INFO 2026-01-08 14:00:33,796 basehttp "GET /static/admin/img/icon-changelink.svg HTTP/1.1" 200 380
INFO 2026-01-08 14:00:33,796 basehttp "GET /static/admin/img/icon-addlink.svg HTTP/1.1" 200 331
INFO 2026-01-08 14:02:39,258 basehttp "POST /auth/register/ HTTP/1.1" 201 143
WARNING 2026-01-08 14:03:30,270 log Not Found: /auth/verify-email/http://localhost:5173/verify-email/eedb466a-7529-4c13-a1d8-f954435d70aa/
WARNING 2026-01-08 14:03:30,273 basehttp "POST /auth/verify-email/http%3A%2F%2Flocalhost%3A5173%2Fverify-email%2Feedb466a-7529-4c13-a1d8-f954435d70aa/ HTTP/1.1" 404 4546
INFO 2026-01-08 14:03:42,634 basehttp "POST /auth/verify-email/eedb466a-7529-4c13-a1d8-f954435d70aa/ HTTP/1.1" 200 41
INFO 2026-01-08 14:04:30,550 basehttp "POST /auth/login/ HTTP/1.1" 200 741
INFO 2026-01-09 15:58:14,074 autoreload Watching for file changes with StatReloader
INFO 2026-01-09 15:58:27,460 basehttp "GET / HTTP/1.1" 200 1662
INFO 2026-01-09 15:58:27,590 basehttp "GET /static/drf-yasg/style.css HTTP/1.1" 200 1047
INFO 2026-01-09 15:58:27,678 basehttp "GET /static/drf-yasg/swagger-ui-dist/swagger-ui.css HTTP/1.1" 200 145206
INFO 2026-01-09 15:58:27,770 basehttp "GET /static/drf-yasg/swagger-ui-dist/swagger-ui-bundle.js HTTP/1.1" 200 1046583
INFO 2026-01-09 15:58:27,848 basehttp "GET /static/drf-yasg/insQ.min.js HTTP/1.1" 200 2093
INFO 2026-01-09 15:58:27,921 basehttp "GET /static/drf-yasg/swagger-ui-init.js HTTP/1.1" 200 15480
INFO 2026-01-09 15:58:27,983 basehttp "GET /static/drf-yasg/immutable.min.js HTTP/1.1" 200 56904
INFO 2026-01-09 15:58:27,985 basehttp "GET /static/drf-yasg/swagger-ui-dist/swagger-ui-standalone-preset.js HTTP/1.1" 200 322863
INFO 2026-01-09 15:58:28,267 basehttp "GET /?format=openapi HTTP/1.1" 200 6711
INFO 2026-01-09 15:58:28,270 basehttp "GET /static/drf-yasg/swagger-ui-dist/favicon-32x32.png HTTP/1.1" 200 628
INFO 2026-01-09 15:58:37,736 basehttp "GET / HTTP/1.1" 200 1662
INFO 2026-01-09 15:58:38,162 basehttp "GET /?format=openapi HTTP/1.1" 200 6711
INFO 2026-01-09 15:58:40,100 basehttp "GET /admin HTTP/1.1" 301 0
INFO 2026-01-09 15:58:40,163 basehttp "GET /admin/ HTTP/1.1" 302 0
INFO 2026-01-09 15:58:40,406 basehttp "GET /admin/login/?next=/admin/ HTTP/1.1" 200 4155
INFO 2026-01-09 15:58:40,466 basehttp "GET /static/admin/css/base.css HTTP/1.1" 200 21544
INFO 2026-01-09 15:58:40,494 basehttp "GET /static/admin/css/dark_mode.css HTTP/1.1" 200 2682
INFO 2026-01-09 15:58:40,522 basehttp "GET /static/admin/css/nav_sidebar.css HTTP/1.1" 200 2810
INFO 2026-01-09 15:58:40,548 basehttp "GET /static/admin/css/login.css HTTP/1.1" 200 958
INFO 2026-01-09 15:58:40,571 basehttp "GET /static/admin/css/responsive.css HTTP/1.1" 200 17905
INFO 2026-01-09 15:58:40,624 basehttp "GET /static/admin/js/theme.js HTTP/1.1" 200 1943
INFO 2026-01-09 15:58:40,675 basehttp "GET /static/admin/js/nav_sidebar.js HTTP/1.1" 200 3063
WARNING 2026-01-09 15:58:40,739 log Not Found: /favicon.ico
WARNING 2026-01-09 15:58:40,742 basehttp "GET /favicon.ico HTTP/1.1" 404 2870
INFO 2026-01-09 15:58:49,850 basehttp "POST /admin/login/?next=/admin/ HTTP/1.1" 302 0
INFO 2026-01-09 15:58:49,978 basehttp "GET /admin/ HTTP/1.1" 200 15034
INFO 2026-01-09 15:58:50,036 basehttp "GET /static/admin/css/dashboard.css HTTP/1.1" 200 441
INFO 2026-01-09 15:58:50,043 basehttp "GET /static/admin/img/icon-addlink.svg HTTP/1.1" 200 331
INFO 2026-01-09 15:58:50,061 basehttp "GET /static/admin/img/icon-changelink.svg HTTP/1.1" 200 380
INFO 2026-01-09 15:59:11,249 basehttp "GET /admin/core/organization/ HTTP/1.1" 200 14336
INFO 2026-01-09 15:59:11,306 basehttp "GET /static/admin/css/changelists.css HTTP/1.1" 200 6811
INFO 2026-01-09 15:59:11,360 basehttp "GET /admin/jsi18n/ HTTP/1.1" 200 3342
INFO 2026-01-09 15:59:11,395 basehttp "GET /static/admin/js/jquery.init.js HTTP/1.1" 200 347
INFO 2026-01-09 15:59:11,453 basehttp "GET /static/admin/js/core.js HTTP/1.1" 200 6208
INFO 2026-01-09 15:59:11,495 basehttp "GET /static/admin/js/vendor/jquery/jquery.js HTTP/1.1" 200 285314
INFO 2026-01-09 15:59:11,529 basehttp "GET /static/admin/js/admin/RelatedObjectLookups.js HTTP/1.1" 200 9042
INFO 2026-01-09 15:59:11,568 basehttp "GET /static/admin/js/actions.js HTTP/1.1" 200 8067
INFO 2026-01-09 15:59:11,583 basehttp "GET /static/admin/js/urlify.js HTTP/1.1" 200 7887
INFO 2026-01-09 15:59:11,614 basehttp "GET /static/admin/img/search.svg HTTP/1.1" 200 458
INFO 2026-01-09 15:59:11,621 basehttp "GET /static/admin/js/prepopulate.js HTTP/1.1" 200 1531
INFO 2026-01-09 15:59:11,673 basehttp "GET /static/admin/js/filters.js HTTP/1.1" 200 978
INFO 2026-01-09 15:59:11,811 basehttp "GET /static/admin/js/vendor/xregexp/xregexp.js HTTP/1.1" 200 325171
INFO 2026-01-09 15:59:11,869 basehttp "GET /static/admin/img/tooltag-add.svg HTTP/1.1" 200 331
INFO 2026-01-09 15:59:14,619 basehttp "GET /admin/core/userprofile/ HTTP/1.1" 200 15080
INFO 2026-01-09 15:59:14,661 basehttp "GET /admin/jsi18n/ HTTP/1.1" 200 3342
INFO 2026-01-09 15:59:14,712 basehttp "GET /static/admin/img/icon-viewlink.svg HTTP/1.1" 200 581
INFO 2026-01-09 15:59:17,847 basehttp "GET /admin/simulations/businessprocess/ HTTP/1.1" 200 14933
INFO 2026-01-09 15:59:17,889 basehttp "GET /admin/jsi18n/ HTTP/1.1" 200 3342
INFO 2026-01-09 15:59:51,458 basehttp "GET /admin/vendors/vendor/ HTTP/1.1" 200 15568
INFO 2026-01-09 15:59:51,504 basehttp "GET /admin/jsi18n/ HTTP/1.1" 200 3342
INFO 2026-01-13 19:34:36,849 autoreload Watching for file changes with StatReloader
INFO 2026-01-13 19:34:54,582 basehttp "GET / HTTP/1.1" 200 1662
INFO 2026-01-13 19:34:54,881 basehttp "GET /static/drf-yasg/style.css HTTP/1.1" 200 1047
INFO 2026-01-13 19:34:55,055 basehttp "GET /static/drf-yasg/insQ.min.js HTTP/1.1" 200 2093
INFO 2026-01-13 19:34:55,066 basehttp "GET /static/drf-yasg/swagger-ui-dist/swagger-ui.css HTTP/1.1" 200 145206
INFO 2026-01-13 19:34:55,080 basehttp "GET /static/drf-yasg/swagger-ui-dist/swagger-ui-bundle.js HTTP/1.1" 200 1046583
INFO 2026-01-13 19:34:55,086 basehttp "GET /static/drf-yasg/swagger-ui-init.js HTTP/1.1" 200 15480
INFO 2026-01-13 19:34:55,140 basehttp "GET /static/drf-yasg/immutable.min.js HTTP/1.1" 200 56904
INFO 2026-01-13 19:34:55,253 basehttp "GET /static/drf-yasg/swagger-ui-dist/swagger-ui-standalone-preset.js HTTP/1.1" 200 322863
INFO 2026-01-13 19:34:55,614 basehttp "GET /?format=openapi HTTP/1.1" 200 25479
INFO 2026-01-13 19:34:55,615 basehttp "GET /static/drf-yasg/swagger-ui-dist/favicon-32x32.png HTTP/1.1" 200 628
INFO 2026-01-13 22:59:34,452 autoreload Watching for file changes with StatReloader
INFO 2026-01-13 22:59:41,888 basehttp "GET / HTTP/1.1" 200 1662
INFO 2026-01-13 22:59:42,598 basehttp "GET /?format=openapi HTTP/1.1" 200 27867
INFO 2026-01-15 09:07:03,002 autoreload Watching for file changes with StatReloader
INFO 2026-01-15 09:07:28,032 autoreload C:\Users\Admin\Desktop\Risk Simulator\core\urls.py changed, reloading.
INFO 2026-01-15 09:07:29,566 autoreload Watching for file changes with StatReloader
INFO 2026-01-15 09:08:27,438 basehttp "GET / HTTP/1.1" 200 1662
INFO 2026-01-15 09:08:27,715 basehttp "GET /static/drf-yasg/style.css HTTP/1.1" 200 1047
INFO 2026-01-15 09:08:27,779 basehttp "GET /static/drf-yasg/swagger-ui-dist/swagger-ui.css HTTP/1.1" 200 145206
INFO 2026-01-15 09:08:27,889 basehttp "GET /static/drf-yasg/swagger-ui-dist/swagger-ui-bundle.js HTTP/1.1" 200 1046583
INFO 2026-01-15 09:08:27,959 basehttp "GET /static/drf-yasg/insQ.min.js HTTP/1.1" 200 2093
INFO 2026-01-15 09:08:28,109 basehttp "GET /static/drf-yasg/immutable.min.js HTTP/1.1" 200 56904
INFO 2026-01-15 09:08:28,142 basehttp "GET /static/drf-yasg/swagger-ui-dist/swagger-ui-standalone-preset.js HTTP/1.1" 200 322863
INFO 2026-01-15 09:08:28,214 basehttp "GET /static/drf-yasg/swagger-ui-init.js HTTP/1.1" 200 15480
INFO 2026-01-15 09:08:28,620 basehttp "GET /static/drf-yasg/swagger-ui-dist/favicon-32x32.png HTTP/1.1" 200 628
INFO 2026-01-15 09:08:28,813 basehttp "GET /?format=openapi HTTP/1.1" 200 51877
INFO 2026-01-15 10:09:25,884 autoreload Watching for file changes with StatReloader
INFO 2026-01-15 10:09:41,174 basehttp "GET / HTTP/1.1" 200 1662
INFO 2026-01-15 10:09:41,641 basehttp "GET /?format=openapi HTTP/1.1" 200 51877
INFO 2026-01-15 10:20:04,854 autoreload C:\Users\Admin\Desktop\Risk Simulator\Account\models.py changed, reloading.
INFO 2026-01-15 10:20:06,612 autoreload Watching for file changes with StatReloader
INFO 2026-01-15 10:20:09,867 autoreload C:\Users\Admin\Desktop\Risk Simulator\Account\models.py changed, reloading.
INFO 2026-01-15 10:20:11,274 autoreload Watching for file changes with StatReloader
INFO 2026-01-15 10:20:21,891 autoreload C:\Users\Admin\Desktop\Risk Simulator\Account\models.py changed, reloading.
INFO 2026-01-15 10:20:23,761 autoreload Watching for file changes with StatReloader
INFO 2026-01-15 10:20:27,485 autoreload C:\Users\Admin\Desktop\Risk Simulator\Account\models.py changed, reloading.
INFO 2026-01-15 10:20:29,800 autoreload Watching for file changes with StatReloader
INFO 2026-01-15 10:20:36,431 autoreload C:\Users\Admin\Desktop\Risk Simulator\Account\models.py changed, reloading.
INFO 2026-01-15 10:20:37,923 autoreload Watching for file changes with StatReloader
INFO 2026-01-15 10:25:10,107 autoreload C:\Users\Admin\Desktop\Risk Simulator\Account\models.py changed, reloading.
INFO 2026-01-15 10:25:12,314 autoreload Watching for file changes with StatReloader
INFO 2026-01-15 10:25:15,193 autoreload C:\Users\Admin\Desktop\Risk Simulator\Account\models.py changed, reloading.
INFO 2026-01-15 10:25:16,906 autoreload Watching for file changes with StatReloader
INFO 2026-01-15 10:25:19,395 autoreload C:\Users\Admin\Desktop\Risk Simulator\Account\models.py changed, reloading.
INFO 2026-01-15 10:25:21,244 autoreload Watching for file changes with StatReloader
INFO 2026-01-15 10:25:29,396 autoreload C:\Users\Admin\Desktop\Risk Simulator\Account\models.py changed, reloading.
INFO 2026-01-15 10:25:31,364 autoreload Watching for file changes with StatReloader
INFO 2026-01-15 10:25:39,576 autoreload C:\Users\Admin\Desktop\Risk Simulator\Account\models.py changed, reloading.
INFO 2026-01-15 10:25:41,060 autoreload Watching for file changes with StatReloader
INFO 2026-01-15 10:25:49,317 autoreload C:\Users\Admin\Desktop\Risk Simulator\Account\models.py changed, reloading.
INFO 2026-01-15 10:25:51,193 autoreload Watching for file changes with StatReloader
INFO 2026-01-15 10:25:53,599 autoreload C:\Users\Admin\Desktop\Risk Simulator\Account\models.py changed, reloading.
INFO 2026-01-15 10:25:54,691 autoreload Watching for file changes with StatReloader
INFO 2026-01-15 10:25:59,643 autoreload C:\Users\Admin\Desktop\Risk Simulator\Account\models.py changed, reloading.
INFO 2026-01-15 10:26:01,975 autoreload Watching for file changes with StatReloader
INFO 2026-01-15 10:26:05,272 autoreload C:\Users\Admin\Desktop\Risk Simulator\Account\models.py changed, reloading.
INFO 2026-01-15 10:26:07,277 autoreload Watching for file changes with StatReloader
INFO 2026-01-15 10:26:10,553 autoreload C:\Users\Admin\Desktop\Risk Simulator\Account\models.py changed, reloading.
INFO 2026-01-15 10:26:12,355 autoreload Watching for file changes with StatReloader
INFO 2026-01-15 10:26:16,520 autoreload C:\Users\Admin\Desktop\Risk Simulator\Account\models.py changed, reloading.
INFO 2026-01-15 10:26:17,718 autoreload Watching for file changes with StatReloader
INFO 2026-01-15 10:26:22,734 autoreload C:\Users\Admin\Desktop\Risk Simulator\Account\models.py changed, reloading.
INFO 2026-01-15 10:26:24,913 autoreload Watching for file changes with StatReloader
INFO 2026-01-15 10:26:32,089 autoreload C:\Users\Admin\Desktop\Risk Simulator\Account\models.py changed, reloading.
INFO 2026-01-15 10:26:34,174 autoreload Watching for file changes with StatReloader
INFO 2026-01-15 10:26:38,559 autoreload C:\Users\Admin\Desktop\Risk Simulator\Account\models.py changed, reloading.
INFO 2026-01-15 10:26:40,642 autoreload Watching for file changes with StatReloader
INFO 2026-01-15 10:26:48,019 autoreload C:\Users\Admin\Desktop\Risk Simulator\Account\models.py changed, reloading.
INFO 2026-01-15 10:26:49,708 autoreload Watching for file changes with StatReloader
INFO 2026-01-15 10:26:55,426 autoreload C:\Users\Admin\Desktop\Risk Simulator\Account\models.py changed, reloading.
INFO 2026-01-15 10:26:57,109 autoreload Watching for file changes with StatReloader
INFO 2026-01-15 10:27:35,918 autoreload C:\Users\Admin\Desktop\Risk Simulator\Account\models.py changed, reloading.
INFO 2026-01-15 10:27:37,420 autoreload Watching for file changes with StatReloader
INFO 2026-01-15 10:31:24,582 autoreload C:\Users\Admin\Desktop\Risk Simulator\core\models.py changed, reloading.
INFO 2026-01-15 10:31:27,024 autoreload Watching for file changes with StatReloader
INFO 2026-01-15 10:31:29,204 autoreload C:\Users\Admin\Desktop\Risk Simulator\core\models.py changed, reloading.
INFO 2026-01-15 10:31:31,430 autoreload Watching for file changes with StatReloader
INFO 2026-01-15 10:31:41,855 autoreload C:\Users\Admin\Desktop\Risk Simulator\core\models.py changed, reloading.
INFO 2026-01-15 10:31:43,957 autoreload Watching for file changes with StatReloader
INFO 2026-01-15 10:31:47,210 autoreload C:\Users\Admin\Desktop\Risk Simulator\core\models.py changed, reloading.
INFO 2026-01-15 10:31:49,499 autoreload Watching for file changes with StatReloader
INFO 2026-01-15 10:31:51,634 autoreload C:\Users\Admin\Desktop\Risk Simulator\core\models.py changed, reloading.
INFO 2026-01-15 10:31:53,408 autoreload Watching for file changes with StatReloader
INFO 2026-01-15 10:31:56,085 autoreload C:\Users\Admin\Desktop\Risk Simulator\core\models.py changed, reloading.
INFO 2026-01-15 10:31:57,361 autoreload Watching for file changes with StatReloader
INFO 2026-01-15 10:34:55,602 autoreload C:\Users\Admin\Desktop\Risk Simulator\core\serializers.py changed, reloading.
INFO 2026-01-15 10:34:57,435 autoreload Watching for file changes with StatReloader
INFO 2026-01-15 10:35:00,553 autoreload C:\Users\Admin\Desktop\Risk Simulator\core\serializers.py changed, reloading.
INFO 2026-01-15 10:35:02,608 autoreload Watching for file changes with StatReloader
INFO 2026-01-15 10:35:06,881 autoreload C:\Users\Admin\Desktop\Risk Simulator\core\serializers.py changed, reloading.
INFO 2026-01-15 10:35:08,998 autoreload Watching for file changes with StatReloader
INFO 2026-01-15 10:35:21,015 autoreload C:\Users\Admin\Desktop\Risk Simulator\core\serializers.py changed, reloading.
INFO 2026-01-15 10:35:23,211 autoreload Watching for file changes with StatReloader
INFO 2026-01-15 10:35:27,920 autoreload C:\Users\Admin\Desktop\Risk Simulator\core\serializers.py changed, reloading.
INFO 2026-01-15 10:35:30,133 autoreload Watching for file changes with StatReloader
INFO 2026-01-15 10:44:51,718 autoreload C:\Users\Admin\Desktop\Risk Simulator\core\serializers.py changed, reloading.
INFO 2026-01-15 10:44:53,449 autoreload Watching for file changes with StatReloader
INFO 2026-01-15 10:45:04,116 autoreload C:\Users\Admin\Desktop\Risk Simulator\core\serializers.py changed, reloading.
INFO 2026-01-15 10:45:05,583 autoreload Watching for file changes with StatReloader
INFO 2026-01-15 10:45:16,989 autoreload C:\Users\Admin\Desktop\Risk Simulator\core\serializers.py changed, reloading.
INFO 2026-01-15 10:45:18,405 autoreload Watching for file changes with StatReloader
INFO 2026-01-15 10:49:02,427 autoreload C:\Users\Admin\Desktop\Risk Simulator\core\serializers.py changed, reloading.
INFO 2026-01-15 10:49:03,859 autoreload Watching for file changes with StatReloader
INFO 2026-01-15 10:49:09,183 autoreload C:\Users\Admin\Desktop\Risk Simulator\core\serializers.py changed, reloading.
INFO 2026-01-15 10:49:11,571 autoreload Watching for file changes with StatReloader
INFO 2026-01-15 10:49:13,798 autoreload C:\Users\Admin\Desktop\Risk Simulator\core\serializers.py changed, reloading.
INFO 2026-01-15 10:49:15,433 autoreload Watching for file changes with StatReloader
INFO 2026-01-15 10:49:18,618 autoreload C:\Users\Admin\Desktop\Risk Simulator\core\serializers.py changed, reloading.
INFO 2026-01-15 10:49:20,271 autoreload Watching for file changes with StatReloader
INFO 2026-01-15 10:49:29,053 autoreload C:\Users\Admin\Desktop\Risk Simulator\core\serializers.py changed, reloading.
INFO 2026-01-15 10:49:30,325 autoreload Watching for file changes with StatReloader
INFO 2026-01-15 10:53:07,599 autoreload C:\Users\Admin\Desktop\Risk Simulator\core\views.py changed, reloading.
INFO 2026-01-15 10:53:09,059 autoreload Watching for file changes with StatReloader
INFO 2026-01-15 10:53:13,233 autoreload C:\Users\Admin\Desktop\Risk Simulator\core\views.py changed, reloading.
INFO 2026-01-15 10:53:15,986 autoreload Watching for file changes with StatReloader
INFO 2026-01-15 10:53:19,599 autoreload C:\Users\Admin\Desktop\Risk Simulator\core\views.py changed, reloading.
INFO 2026-01-15 10:53:20,985 autoreload Watching for file changes with StatReloader
INFO 2026-01-15 10:54:56,725 autoreload C:\Users\Admin\Desktop\Risk Simulator\core\views.py changed, reloading.
INFO 2026-01-15 10:54:58,404 autoreload Watching for file changes with StatReloader
INFO 2026-01-15 10:55:35,599 autoreload C:\Users\Admin\Desktop\Risk Simulator\simulations\serializers.py changed, reloading.
INFO 2026-01-15 10:55:37,320 autoreload Watching for file changes with StatReloader
INFO 2026-01-15 11:01:31,795 autoreload C:\Users\Admin\Desktop\Risk Simulator\simulations\serializers.py changed, reloading.
INFO 2026-01-15 11:01:33,217 autoreload Watching for file changes with StatReloader
INFO 2026-01-15 11:01:47,276 autoreload C:\Users\Admin\Desktop\Risk Simulator\simulations\serializers.py changed, reloading.
INFO 2026-01-15 11:01:49,027 autoreload Watching for file changes with StatReloader
INFO 2026-01-15 11:02:01,640 autoreload C:\Users\Admin\Desktop\Risk Simulator\simulations\serializers.py changed, reloading.
INFO 2026-01-15 11:02:03,059 autoreload Watching for file changes with StatReloader
INFO 2026-01-15 11:02:05,625 autoreload C:\Users\Admin\Desktop\Risk Simulator\simulations\serializers.py changed, reloading.
INFO 2026-01-15 11:02:09,434 autoreload Watching for file changes with StatReloader
INFO 2026-01-15 11:02:14,330 autoreload C:\Users\Admin\Desktop\Risk Simulator\simulations\serializers.py changed, reloading.
INFO 2026-01-15 11:02:15,573 autoreload Watching for file changes with StatReloader
INFO 2026-01-15 11:02:36,742 autoreload C:\Users\Admin\Desktop\Risk Simulator\simulations\serializers.py changed, reloading.
INFO 2026-01-15 11:02:38,201 autoreload Watching for file changes with StatReloader
INFO 2026-01-15 11:06:30,414 autoreload C:\Users\Admin\Desktop\Risk Simulator\assessments\views.py changed, reloading.
INFO 2026-01-15 11:06:32,055 autoreload Watching for file changes with StatReloader
INFO 2026-01-15 11:06:37,782 autoreload C:\Users\Admin\Desktop\Risk Simulator\assessments\views.py changed, reloading.
INFO 2026-01-15 11:06:42,112 autoreload Watching for file changes with StatReloader
INFO 2026-01-15 11:06:50,199 autoreload C:\Users\Admin\Desktop\Risk Simulator\assessments\views.py changed, reloading.
INFO 2026-01-15 11:06:51,549 autoreload Watching for file changes with StatReloader
INFO 2026-01-15 11:07:41,530 autoreload C:\Users\Admin\Desktop\Risk Simulator\core\views.py changed, reloading.
INFO 2026-01-15 11:07:44,950 autoreload Watching for file changes with StatReloader
INFO 2026-01-15 11:07:51,984 autoreload C:\Users\Admin\Desktop\Risk Simulator\core\views.py changed, reloading.
INFO 2026-01-15 11:07:53,215 autoreload Watching for file changes with StatReloader
INFO 2026-01-15 11:09:03,379 autoreload C:\Users\Admin\Desktop\Risk Simulator\core\views.py changed, reloading.
INFO 2026-01-15 11:09:04,728 autoreload Watching for file changes with StatReloader
INFO 2026-01-15 11:09:06,980 autoreload C:\Users\Admin\Desktop\Risk Simulator\core\views.py changed, reloading.
INFO 2026-01-15 11:09:09,628 autoreload Watching for file changes with StatReloader
INFO 2026-01-15 11:09:13,572 autoreload C:\Users\Admin\Desktop\Risk Simulator\core\views.py changed, reloading.
INFO 2026-01-15 11:09:14,816 autoreload Watching for file changes with StatReloader
INFO 2026-01-15 11:10:16,472 autoreload C:\Users\Admin\Desktop\Risk Simulator\core\views.py changed, reloading.
INFO 2026-01-15 11:10:18,335 autoreload Watching for file changes with StatReloader
INFO 2026-01-15 11:10:29,661 autoreload C:\Users\Admin\Desktop\Risk Simulator\core\views.py changed, reloading.
INFO 2026-01-15 11:10:31,278 autoreload Watching for file changes with StatReloader
INFO 2026-01-15 11:10:40,697 autoreload C:\Users\Admin\Desktop\Risk Simulator\core\views.py changed, reloading.
INFO 2026-01-15 11:10:42,291 autoreload Watching for file changes with StatReloader
INFO 2026-01-15 11:11:05,655 autoreload C:\Users\Admin\Desktop\Risk Simulator\core\views.py changed, reloading.
INFO 2026-01-15 11:11:07,664 autoreload Watching for file changes with StatReloader
INFO 2026-01-15 11:11:12,699 autoreload C:\Users\Admin\Desktop\Risk Simulator\core\views.py changed, reloading.
INFO 2026-01-15 11:11:14,077 autoreload Watching for file changes with StatReloader
INFO 2026-01-15 11:11:24,798 autoreload C:\Users\Admin\Desktop\Risk Simulator\core\views.py changed, reloading.
INFO 2026-01-15 11:11:27,063 autoreload Watching for file changes with StatReloader
INFO 2026-01-15 11:11:30,295 autoreload C:\Users\Admin\Desktop\Risk Simulator\core\views.py changed, reloading.
INFO 2026-01-15 11:11:31,841 autoreload Watching for file changes with StatReloader
INFO 2026-01-15 11:11:44,619 autoreload C:\Users\Admin\Desktop\Risk Simulator\core\views.py changed, reloading.
INFO 2026-01-15 11:11:46,907 autoreload Watching for file changes with StatReloader
INFO 2026-01-15 11:11:56,482 autoreload C:\Users\Admin\Desktop\Risk Simulator\core\views.py changed, reloading.
INFO 2026-01-15 11:11:59,265 autoreload Watching for file changes with StatReloader
INFO 2026-01-15 11:12:02,538 autoreload C:\Users\Admin\Desktop\Risk Simulator\core\views.py changed, reloading.
INFO 2026-01-15 11:12:04,175 autoreload Watching for file changes with StatReloader
INFO 2026-01-15 11:12:11,378 autoreload C:\Users\Admin\Desktop\Risk Simulator\core\views.py changed, reloading.
INFO 2026-01-15 11:12:12,937 autoreload Watching for file changes with StatReloader
INFO 2026-01-15 11:12:16,926 autoreload C:\Users\Admin\Desktop\Risk Simulator\core\views.py changed, reloading.
INFO 2026-01-15 11:12:19,087 autoreload Watching for file changes with StatReloader
INFO 2026-01-15 11:12:30,251 autoreload C:\Users\Admin\Desktop\Risk Simulator\core\views.py changed, reloading.
INFO 2026-01-15 11:12:32,105 autoreload Watching for file changes with StatReloader
INFO 2026-01-15 11:12:59,234 autoreload C:\Users\Admin\Desktop\Risk Simulator\simulations\serializers.py changed, reloading.
INFO 2026-01-15 11:13:00,744 autoreload Watching for file changes with StatReloader
INFO 2026-01-15 11:13:13,525 autoreload C:\Users\Admin\Desktop\Risk Simulator\simulations\serializers.py changed, reloading.
INFO 2026-01-15 11:13:15,952 autoreload Watching for file changes with StatReloader
INFO 2026-01-15 11:13:23,318 autoreload C:\Users\Admin\Desktop\Risk Simulator\simulations\serializers.py changed, reloading.
INFO 2026-01-15 11:13:24,772 autoreload Watching for file changes with StatReloader
INFO 2026-01-15 11:14:05,236 autoreload C:\Users\Admin\Desktop\Risk Simulator\simulations\serializers.py changed, reloading.
INFO 2026-01-15 11:14:07,623 autoreload Watching for file changes with StatReloader
INFO 2026-01-15 11:14:30,239 autoreload C:\Users\Admin\Desktop\Risk Simulator\simulations\views.py changed, reloading.
INFO 2026-01-15 11:14:32,096 autoreload Watching for file changes with StatReloader
INFO 2026-01-15 11:14:38,358 autoreload C:\Users\Admin\Desktop\Risk Simulator\simulations\views.py changed, reloading.
INFO 2026-01-15 11:14:39,698 autoreload Watching for file changes with StatReloader
INFO 2026-01-15 11:14:51,653 autoreload C:\Users\Admin\Desktop\Risk Simulator\simulations\views.py changed, reloading.
INFO 2026-01-15 11:14:54,161 autoreload Watching for file changes with StatReloader
INFO 2026-01-15 11:15:39,574 autoreload C:\Users\Admin\Desktop\Risk Simulator\simulations\views.py changed, reloading.
INFO 2026-01-15 11:15:41,622 autoreload Watching for file changes with StatReloader
INFO 2026-01-15 11:17:11,038 autoreload C:\Users\Admin\Desktop\Risk Simulator\simulations\serializers.py changed, reloading.
INFO 2026-01-15 11:17:12,456 autoreload Watching for file changes with StatReloader
INFO 2026-01-15 11:17:21,725 autoreload C:\Users\Admin\Desktop\Risk Simulator\simulations\serializers.py changed, reloading.
INFO 2026-01-15 11:17:24,188 autoreload Watching for file changes with StatReloader
INFO 2026-01-15 11:17:27,926 autoreload C:\Users\Admin\Desktop\Risk Simulator\simulations\serializers.py changed, reloading.
INFO 2026-01-15 11:17:29,698 autoreload Watching for file changes with StatReloader
INFO 2026-01-15 11:18:15,311 autoreload C:\Users\Admin\Desktop\Risk Simulator\simulations\views.py changed, reloading.
INFO 2026-01-15 11:18:16,738 autoreload Watching for file changes with StatReloader
INFO 2026-01-15 11:19:00,741 autoreload C:\Users\Admin\Desktop\Risk Simulator\vendors\views.py changed, reloading.
INFO 2026-01-15 11:19:02,659 autoreload Watching for file changes with StatReloader
INFO 2026-01-15 11:19:09,674 autoreload C:\Users\Admin\Desktop\Risk Simulator\vendors\views.py changed, reloading.
INFO 2026-01-15 11:19:10,951 autoreload Watching for file changes with StatReloader
INFO 2026-01-15 11:19:22,846 autoreload C:\Users\Admin\Desktop\Risk Simulator\vendors\views.py changed, reloading.
INFO 2026-01-15 11:19:24,839 autoreload Watching for file changes with StatReloader
INFO 2026-01-15 11:19:33,253 autoreload C:\Users\Admin\Desktop\Risk Simulator\vendors\views.py changed, reloading.
INFO 2026-01-15 11:19:34,648 autoreload Watching for file changes with StatReloader
INFO 2026-01-15 11:20:52,963 autoreload C:\Users\Admin\Desktop\Risk Simulator\core\views.py changed, reloading.
INFO 2026-01-15 11:20:55,234 autoreload Watching for file changes with StatReloader
INFO 2026-01-15 11:21:11,753 autoreload C:\Users\Admin\Desktop\Risk Simulator\core\views.py changed, reloading.
INFO 2026-01-15 11:21:13,263 autoreload Watching for file changes with StatReloader
INFO 2026-01-15 11:21:21,733 autoreload C:\Users\Admin\Desktop\Risk Simulator\core\views.py changed, reloading.
INFO 2026-01-15 11:21:23,729 autoreload Watching for file changes with StatReloader
INFO 2026-01-15 11:21:26,165 autoreload C:\Users\Admin\Desktop\Risk Simulator\core\views.py changed, reloading.
INFO 2026-01-15 11:21:27,982 autoreload Watching for file changes with StatReloader
INFO 2026-01-15 11:22:13,686 autoreload C:\Users\Admin\Desktop\Risk Simulator\core\views.py changed, reloading.
INFO 2026-01-15 11:22:15,375 autoreload Watching for file changes with StatReloader
INFO 2026-01-15 11:22:26,560 autoreload C:\Users\Admin\Desktop\Risk Simulator\core\views.py changed, reloading.
INFO 2026-01-15 11:22:28,383 autoreload Watching for file changes with StatReloader
INFO 2026-01-15 11:23:54,686 autoreload C:\Users\Admin\Desktop\Risk Simulator\core\views.py changed, reloading.
INFO 2026-01-15 11:23:56,282 autoreload Watching for file changes with StatReloader
INFO 2026-01-15 12:23:48,993 autoreload Watching for file changes with StatReloader
INFO 2026-01-15 12:23:58,959 basehttp "GET / HTTP/1.1" 200 1662
INFO 2026-01-15 12:23:59,436 basehttp "GET /?format=openapi HTTP/1.1" 200 51868
INFO 2026-01-15 12:24:00,679 basehttp "GET /admin HTTP/1.1" 301 0
INFO 2026-01-15 12:24:00,728 basehttp "GET /admin/ HTTP/1.1" 302 0
INFO 2026-01-15 12:24:01,016 basehttp "GET /admin/login/?next=/admin/ HTTP/1.1" 200 4155
INFO 2026-01-15 12:24:01,199 basehttp "GET /static/admin/css/base.css HTTP/1.1" 200 21544
INFO 2026-01-15 12:24:01,227 basehttp "GET /static/admin/css/dark_mode.css HTTP/1.1" 200 2682
INFO 2026-01-15 12:24:01,253 basehttp "GET /static/admin/css/nav_sidebar.css HTTP/1.1" 200 2810
INFO 2026-01-15 12:24:01,286 basehttp "GET /static/admin/css/login.css HTTP/1.1" 200 958
INFO 2026-01-15 12:24:01,310 basehttp "GET /static/admin/css/responsive.css HTTP/1.1" 200 17905
INFO 2026-01-15 12:24:01,370 basehttp "GET /static/admin/js/theme.js HTTP/1.1" 200 1943
INFO 2026-01-15 12:24:01,408 basehttp "GET /static/admin/js/nav_sidebar.js HTTP/1.1" 200 3063
WARNING 2026-01-15 12:24:01,471 log Not Found: /favicon.ico
WARNING 2026-01-15 12:24:01,473 basehttp "GET /favicon.ico HTTP/1.1" 404 3307
INFO 2026-01-15 12:24:16,943 basehttp "POST /admin/login/?next=/admin/ HTTP/1.1" 200 4311
INFO 2026-01-15 12:24:45,917 basehttp "POST /admin/login/?next=/admin/ HTTP/1.1" 302 0
INFO 2026-01-15 12:24:45,995 basehttp "GET /admin/ HTTP/1.1" 200 15034
INFO 2026-01-15 12:24:46,047 basehttp "GET /static/admin/css/dashboard.css HTTP/1.1" 200 441
INFO 2026-01-15 12:24:46,081 basehttp "GET /static/admin/img/icon-addlink.svg HTTP/1.1" 200 331
INFO 2026-01-15 12:24:46,082 basehttp "GET /static/admin/img/icon-changelink.svg HTTP/1.1" 200 380
INFO 2026-01-15 12:25:06,593 basehttp "GET /admin/Account/customuser/ HTTP/1.1" 200 17385
INFO 2026-01-15 12:25:06,650 basehttp "GET /static/admin/css/changelists.css HTTP/1.1" 200 6811
INFO 2026-01-15 12:25:06,677 basehttp "GET /admin/jsi18n/ HTTP/1.1" 200 3342
INFO 2026-01-15 12:25:06,709 basehttp "GET /static/admin/js/jquery.init.js HTTP/1.1" 200 347
INFO 2026-01-15 12:25:06,759 basehttp "GET /static/admin/js/core.js HTTP/1.1" 200 6208
INFO 2026-01-15 12:25:06,786 basehttp "GET /static/admin/js/vendor/jquery/jquery.js HTTP/1.1" 200 285314
INFO 2026-01-15 12:25:06,814 basehttp "GET /static/admin/js/admin/RelatedObjectLookups.js HTTP/1.1" 200 9042
INFO 2026-01-15 12:25:06,857 basehttp "GET /static/admin/js/actions.js HTTP/1.1" 200 8067
INFO 2026-01-15 12:25:06,873 basehttp "GET /static/admin/js/urlify.js HTTP/1.1" 200 7887
INFO 2026-01-15 12:25:06,897 basehttp "GET /static/admin/js/prepopulate.js HTTP/1.1" 200 1531
INFO 2026-01-15 12:25:06,925 basehttp "GET /static/admin/img/search.svg HTTP/1.1" 200 458
INFO 2026-01-15 12:25:06,951 basehttp "GET /static/admin/img/icon-yes.svg HTTP/1.1" 200 436
INFO 2026-01-15 12:25:06,954 basehttp "GET /static/admin/img/icon-no.svg HTTP/1.1" 200 560
INFO 2026-01-15 12:25:06,994 basehttp "GET /static/admin/js/filters.js HTTP/1.1" 200 978
INFO 2026-01-15 12:25:07,091 basehttp "GET /static/admin/js/vendor/xregexp/xregexp.js HTTP/1.1" 200 325171
INFO 2026-01-15 12:25:07,136 basehttp "GET /static/admin/img/tooltag-add.svg HTTP/1.1" 200 331
INFO 2026-01-15 12:26:52,237 basehttp "POST /auth/register/ HTTP/1.1" 201 144
INFO 2026-01-15 12:27:35,723 basehttp "POST /auth/verify-email/9a709e9c-6352-4550-b044-864a1b2656a1/ HTTP/1.1" 200 41
INFO 2026-01-15 12:27:46,037 basehttp "GET /admin/Account/customuser/ HTTP/1.1" 200 18063
INFO 2026-01-15 12:27:46,082 basehttp "GET /admin/jsi18n/ HTTP/1.1" 200 3342
INFO 2026-01-15 12:27:55,202 basehttp "GET /admin/core/userprofile/ HTTP/1.1" 200 17050
INFO 2026-01-15 12:27:55,256 basehttp "GET /admin/jsi18n/ HTTP/1.1" 200 3342
INFO 2026-01-15 12:27:55,314 basehttp "GET /static/admin/img/icon-viewlink.svg HTTP/1.1" 200 581
INFO 2026-01-15 12:27:57,883 basehttp "GET /admin/core/userprofile/50fa1723-4f37-4650-b1ee-b8e091b2e408/change/ HTTP/1.1" 200 21350
INFO 2026-01-15 12:27:57,939 basehttp "GET /admin/jsi18n/ HTTP/1.1" 200 3342
INFO 2026-01-15 12:27:57,943 basehttp "GET /static/admin/css/forms.css HTTP/1.1" 200 9090
INFO 2026-01-15 12:27:57,965 basehttp "GET /static/admin/js/prepopulate_init.js HTTP/1.1" 200 586
INFO 2026-01-15 12:27:57,976 basehttp "GET /static/admin/css/widgets.css HTTP/1.1" 200 11800
INFO 2026-01-15 12:27:58,013 basehttp "GET /static/admin/js/change_form.js HTTP/1.1" 200 606
INFO 2026-01-15 12:28:15,942 basehttp "GET /admin/core/userprofile/ HTTP/1.1" 200 17050
INFO 2026-01-15 12:29:00,358 basehttp "POST /auth/login/ HTTP/1.1" 200 742
INFO 2026-01-15 12:32:19,007 basehttp "GET /auth/profile/ HTTP/1.1" 200 222
WARNING 2026-01-15 12:32:45,329 log Bad Request: /core/users/
WARNING 2026-01-15 12:32:45,332 basehttp "GET /core/users/ HTTP/1.1" 400 56
INFO 2026-01-15 12:32:55,195 basehttp "GET /core/users/me/ HTTP/1.1" 200 566
INFO 2026-01-15 12:36:03,097 autoreload C:\Users\Admin\Desktop\Risk Simulator\core\serializers.py changed, reloading.
INFO 2026-01-15 12:36:04,737 autoreload Watching for file changes with StatReloader
INFO 2026-01-15 12:36:53,777 autoreload C:\Users\Admin\Desktop\Risk Simulator\core\serializers.py changed, reloading.
INFO 2026-01-15 12:36:55,237 autoreload Watching for file changes with StatReloader
INFO 2026-01-15 12:36:59,230 autoreload C:\Users\Admin\Desktop\Risk Simulator\core\serializers.py changed, reloading.
INFO 2026-01-15 12:37:01,780 autoreload Watching for file changes with StatReloader
INFO 2026-01-15 12:37:08,507 basehttp "GET / HTTP/1.1" 200 1662
INFO 2026-01-15 12:37:09,251 basehttp "GET /?format=openapi HTTP/1.1" 200 51886
INFO 2026-01-15 12:40:24,577 autoreload C:\Users\Admin\Desktop\Risk Simulator\core\serializers.py changed, reloading.
INFO 2026-01-15 12:40:26,532 autoreload Watching for file changes with StatReloader
INFO 2026-01-15 12:40:29,865 basehttp "GET / HTTP/1.1" 200 1662
ERROR 2026-01-15 12:40:30,722 log Internal Server Error: /
Traceback (most recent call last):
  File "C:\Users\Admin\Desktop\Risk Simulator\ENV\lib\site-packages\rest_framework\views.py", line 506, in dispatch
    response = handler(request, *args, **kwargs)
  File "C:\Users\Admin\Desktop\Risk Simulator\ENV\lib\site-packages\drf_yasg\views.py", line 129, in get
    schema = generator.get_schema(request, self.public)
  File "C:\Users\Admin\Desktop\Risk Simulator\ENV\lib\site-packages\drf_yasg\generators.py", line 337, in get_schema
    paths, prefix = self.get_paths(endpoints, components, request, public)
  File "C:\Users\Admin\Desktop\Risk Simulator\ENV\lib\site-packages\drf_yasg\generators.py", line 561, in get_paths
    operation = self.get_operation(
  File "C:\Users\Admin\Desktop\Risk Simulator\ENV\lib\site-packages\drf_yasg\generators.py", line 609, in get_operation
    operation = view_inspector.get_operation(operation_keys)
  File "C:\Users\Admin\Desktop\Risk Simulator\ENV\lib\site-packages\drf_yasg\inspectors\view.py", line 43, in get_operation
    body = self.get_request_body_parameters(consumes)
  File "C:\Users\Admin\Desktop\Risk Simulator\ENV\lib\site-packages\drf_yasg\inspectors\view.py", line 101, in get_request_body_parameters
    schema = self.get_request_body_schema(serializer)
  File "C:\Users\Admin\Desktop\Risk Simulator\ENV\lib\site-packages\drf_yasg\inspectors\view.py", line 168, in get_request_body_schema
    return self.serializer_to_schema(serializer)
  File "C:\Users\Admin\Desktop\Risk Simulator\ENV\lib\site-packages\drf_yasg\inspectors\base.py", line 551, in serializer_to_schema
    return self.probe_inspectors(
  File "C:\Users\Admin\Desktop\Risk Simulator\ENV\lib\site-packages\drf_yasg\inspectors\base.py", line 137, in probe_inspectors
    result = method(obj, **kwargs)
  File "C:\Users\Admin\Desktop\Risk Simulator\ENV\lib\site-packages\drf_yasg\inspectors\field.py", line 55, in get_schema
    return self.probe_field_inspectors(
  File "C:\Users\Admin\Desktop\Risk Simulator\ENV\lib\site-packages\drf_yasg\inspectors\base.py", line 277, in probe_field_inspectors
    return self.probe_inspectors(
  File "C:\Users\Admin\Desktop\Risk Simulator\ENV\lib\site-packages\drf_yasg\inspectors\base.py", line 137, in probe_inspectors
    result = method(obj, **kwargs)
  File "C:\Users\Admin\Desktop\Risk Simulator\ENV\lib\site-packages\drf_yasg\inspectors\field.py", line 154, in field_to_swagger_object
    actual_schema = definitions.setdefault(ref_name, make_schema_definition)
  File "C:\Users\Admin\Desktop\Risk Simulator\ENV\lib\site-packages\drf_yasg\openapi.py", line 822, in setdefault
    ret = maker()
  File "C:\Users\Admin\Desktop\Risk Simulator\ENV\lib\site-packages\drf_yasg\inspectors\field.py", line 125, in make_schema_definition
    for property_name, child in serializer.fields.items():
  File "C:\Users\Admin\Desktop\Risk Simulator\ENV\lib\site-packages\django\utils\functional.py", line 47, in __get__
    res = instance.__dict__[self.name] = self.func(instance)
  File "C:\Users\Admin\Desktop\Risk Simulator\ENV\lib\site-packages\rest_framework\serializers.py", line 356, in fields
    for key, value in self.get_fields().items():
  File "C:\Users\Admin\Desktop\Risk Simulator\ENV\lib\site-packages\rest_framework\serializers.py", line 1076, in get_fields
    field_class, field_kwargs = self.build_field(
  File "C:\Users\Admin\Desktop\Risk Simulator\ENV\lib\site-packages\rest_framework\serializers.py", line 1222, in build_field
    return self.build_unknown_field(field_name, model_class)
  File "C:\Users\Admin\Desktop\Risk Simulator\ENV\lib\site-packages\rest_framework\serializers.py", line 1340, in build_unknown_field
    raise ImproperlyConfigured(
django.core.exceptions.ImproperlyConfigured: Field name `organization_id` is not valid for model `CustomUser`.

During handling of the above exception, another exception occurred:

Traceback (most recent call last):
  File "C:\Users\Admin\Desktop\Risk Simulator\ENV\lib\site-packages\rest_framework\settings.py", line 177, in import_from_string
    return import_string(val)
  File "C:\Users\Admin\Desktop\Risk Simulator\ENV\lib\site-packages\django\utils\module_loading.py", line 30, in import_string
    return cached_import(module_path, class_name)
  File "C:\Users\Admin\Desktop\Risk Simulator\ENV\lib\site-packages\django\utils\module_loading.py", line 15, in cached_import
    module = import_module(module_path)
  File "C:\Users\Admin\AppData\Local\Programs\Python\Python310\lib\importlib\__init__.py", line 126, in import_module
    return _bootstrap._gcd_import(name[level:], package, level)
  File "<frozen importlib._bootstrap>", line 1050, in _gcd_import
  File "<frozen importlib._bootstrap>", line 1027, in _find_and_load
  File "<frozen importlib._bootstrap>", line 1004, in _find_and_load_unlocked
ModuleNotFoundError: No module named 'core.exceptions'

During handling of the above exception, another exception occurred:

Traceback (most recent call last):
  File "C:\Users\Admin\Desktop\Risk Simulator\ENV\lib\site-packages\django\core\handlers\exception.py", line 55, in inner
    response = get_response(request)
  File "C:\Users\Admin\Desktop\Risk Simulator\ENV\lib\site-packages\django\core\handlers\base.py", line 197, in _get_response
    response = wrapped_callback(request, *callback_args, **callback_kwargs)
  File "C:\Users\Admin\Desktop\Risk Simulator\ENV\lib\site-packages\django\views\decorators\csrf.py", line 65, in _view_wrapper
    return view_func(request, *args, **kwargs)
  File "C:\Users\Admin\Desktop\Risk Simulator\ENV\lib\site-packages\django\views\generic\base.py", line 104, in view
    return self.dispatch(request, *args, **kwargs)
  File "C:\Users\Admin\Desktop\Risk Simulator\ENV\lib\site-packages\rest_framework\views.py", line 509, in dispatch
    response = self.handle_exception(exc)
  File "C:\Users\Admin\Desktop\Risk Simulator\ENV\lib\site-packages\rest_framework\views.py", line 463, in handle_exception
    exception_handler = self.get_exception_handler()
  File "C:\Users\Admin\Desktop\Risk Simulator\ENV\lib\site-packages\rest_framework\views.py", line 298, in get_exception_handler
    return self.settings.EXCEPTION_HANDLER
  File "C:\Users\Admin\Desktop\Risk Simulator\ENV\lib\site-packages\rest_framework\settings.py", line 225, in __getattr__
    val = perform_import(val, attr)
  File "C:\Users\Admin\Desktop\Risk Simulator\ENV\lib\site-packages\rest_framework\settings.py", line 166, in perform_import
    return import_from_string(val, setting_name)
  File "C:\Users\Admin\Desktop\Risk Simulator\ENV\lib\site-packages\rest_framework\settings.py", line 180, in import_from_string
    raise ImportError(msg)
ImportError: Could not import 'core.exceptions.custom_exception_handler' for API setting 'EXCEPTION_HANDLER'. ModuleNotFoundError: No module named 'core.exceptions'.
ERROR 2026-01-15 12:40:30,760 basehttp "GET /?format=openapi HTTP/1.1" 500 258144
INFO 2026-01-15 12:40:50,692 autoreload C:\Users\Admin\Desktop\Risk Simulator\core\serializers.py changed, reloading.
INFO 2026-01-15 12:40:52,716 autoreload Watching for file changes with StatReloader
INFO 2026-01-15 12:40:55,120 basehttp "GET / HTTP/1.1" 200 1662
INFO 2026-01-15 12:40:55,415 basehttp "GET /?format=openapi HTTP/1.1" 200 51886
INFO 2026-01-15 12:42:43,318 autoreload C:\Users\Admin\Desktop\Risk Simulator\core\serializers.py changed, reloading.
INFO 2026-01-15 12:42:46,405 autoreload Watching for file changes with StatReloader
INFO 2026-01-15 12:42:51,196 autoreload C:\Users\Admin\Desktop\Risk Simulator\core\serializers.py changed, reloading.
INFO 2026-01-15 12:42:53,116 autoreload Watching for file changes with StatReloader
INFO 2026-01-15 12:43:54,996 autoreload C:\Users\Admin\Desktop\Risk Simulator\core\views.py changed, reloading.
INFO 2026-01-15 12:43:56,461 autoreload Watching for file changes with StatReloader
INFO 2026-01-15 12:44:00,257 autoreload C:\Users\Admin\Desktop\Risk Simulator\core\views.py changed, reloading.
INFO 2026-01-15 12:44:02,437 autoreload Watching for file changes with StatReloader
INFO 2026-01-15 12:44:37,140 autoreload C:\Users\Admin\Desktop\Risk Simulator\core\views.py changed, reloading.
INFO 2026-01-15 12:44:38,634 autoreload Watching for file changes with StatReloader
INFO 2026-01-15 12:44:42,708 autoreload C:\Users\Admin\Desktop\Risk Simulator\core\views.py changed, reloading.
INFO 2026-01-15 12:44:45,526 autoreload Watching for file changes with StatReloader
INFO 2026-01-15 12:46:30,421 autoreload C:\Users\Admin\Desktop\Risk Simulator\core\views.py changed, reloading.
INFO 2026-01-15 12:46:33,674 autoreload Watching for file changes with StatReloader
INFO 2026-01-15 12:46:44,041 autoreload C:\Users\Admin\Desktop\Risk Simulator\core\views.py changed, reloading.
INFO 2026-01-15 12:46:45,626 autoreload Watching for file changes with StatReloader
INFO 2026-01-15 12:46:56,518 autoreload C:\Users\Admin\Desktop\Risk Simulator\core\views.py changed, reloading.
INFO 2026-01-15 12:46:57,999 autoreload Watching for file changes with StatReloader
INFO 2026-01-15 12:47:03,896 autoreload C:\Users\Admin\Desktop\Risk Simulator\core\views.py changed, reloading.
INFO 2026-01-15 12:47:05,163 autoreload Watching for file changes with StatReloader
INFO 2026-01-15 12:47:08,161 autoreload C:\Users\Admin\Desktop\Risk Simulator\core\views.py changed, reloading.
INFO 2026-01-15 12:47:09,536 autoreload Watching for file changes with StatReloader
INFO 2026-01-15 12:47:32,378 autoreload C:\Users\Admin\Desktop\Risk Simulator\core\views.py changed, reloading.
INFO 2026-01-15 12:47:33,722 autoreload Watching for file changes with StatReloader
INFO 2026-01-15 12:47:54,587 basehttp "GET / HTTP/1.1" 200 1662
INFO 2026-01-15 12:47:55,059 basehttp "GET /?format=openapi HTTP/1.1" 200 52362
INFO 2026-01-15 12:48:10,947 basehttp "GET /admin/core/userprofile/50fa1723-4f37-4650-b1ee-b8e091b2e408/change/ HTTP/1.1" 200 21350
INFO 2026-01-15 12:48:11,003 basehttp "GET /admin/jsi18n/ HTTP/1.1" 200 3342
INFO 2026-01-15 12:48:59,063 basehttp "PATCH /core/users/me/update/ HTTP/1.1" 200 105
INFO 2026-01-15 12:49:07,546 basehttp "GET /core/users/me/ HTTP/1.1" 200 595
WARNING 2026-01-15 12:49:41,573 log Not Found: /core/organization/
WARNING 2026-01-15 12:49:41,575 basehttp "GET /core/organization/ HTTP/1.1" 404 52
INFO 2026-01-15 12:50:00,290 basehttp "GET /core/users/permissions/ HTTP/1.1" 200 218
INFO 2026-01-15 12:56:02,351 basehttp "POST /core/organization/create/ HTTP/1.1" 201 322
INFO 2026-01-15 12:57:34,998 basehttp "GET /core/organization/ HTTP/1.1" 200 322
INFO 2026-01-15 12:57:46,165 basehttp "GET /core/organization/dashboard/ HTTP/1.1" 200 509
INFO 2026-01-15 12:57:59,691 basehttp "GET /core/organization/stats/ HTTP/1.1" 200 232
INFO 2026-01-15 12:58:16,079 basehttp "GET /core/users/ HTTP/1.1" 200 182
INFO 2026-01-15 13:01:14,314 basehttp "GET /admin/core/userprofile/50fa1723-4f37-4650-b1ee-b8e091b2e408/change/ HTTP/1.1" 200 21478
INFO 2026-01-15 13:01:14,364 basehttp "GET /admin/jsi18n/ HTTP/1.1" 200 3342
INFO 2026-01-15 13:01:20,492 basehttp "GET /admin/Account/customuser/ HTTP/1.1" 200 18063
INFO 2026-01-15 13:01:20,539 basehttp "GET /admin/jsi18n/ HTTP/1.1" 200 3342
INFO 2026-01-15 13:01:24,340 basehttp "GET /admin/Account/customuser/08f38598-e0c4-41e9-a675-caedd3df325e/change/ HTTP/1.1" 200 34903
INFO 2026-01-15 13:01:24,386 basehttp "GET /admin/jsi18n/ HTTP/1.1" 200 3342
INFO 2026-01-15 13:01:24,583 basehttp "GET /static/admin/js/calendar.js HTTP/1.1" 200 9141
INFO 2026-01-15 13:01:24,599 basehttp "GET /static/admin/js/admin/DateTimeShortcuts.js HTTP/1.1" 200 19319
INFO 2026-01-15 13:01:24,694 basehttp "GET /static/admin/img/icon-calendar.svg HTTP/1.1" 200 1086
INFO 2026-01-15 13:01:24,694 basehttp "GET /static/admin/img/icon-clock.svg HTTP/1.1" 200 677
INFO 2026-01-15 13:01:52,046 basehttp "GET /admin/Account/customuser/ HTTP/1.1" 200 18063
INFO 2026-01-15 13:06:45,777 autoreload C:\Users\Admin\Desktop\Risk Simulator\core\serializers.py changed, reloading.
INFO 2026-01-15 13:06:48,269 autoreload Watching for file changes with StatReloader
INFO 2026-01-15 13:06:53,875 basehttp "GET / HTTP/1.1" 200 1662
INFO 2026-01-15 13:06:54,446 basehttp "GET /?format=openapi HTTP/1.1" 200 52358
INFO 2026-01-15 13:07:39,191 autoreload C:\Users\Admin\Desktop\Risk Simulator\core\serializers.py changed, reloading.
INFO 2026-01-15 13:07:40,932 autoreload Watching for file changes with StatReloader
INFO 2026-01-15 13:07:44,618 basehttp "GET / HTTP/1.1" 200 1662
INFO 2026-01-15 13:07:45,041 basehttp "GET /?format=openapi HTTP/1.1" 200 52375
INFO 2026-01-15 18:24:39,847 autoreload Watching for file changes with StatReloader
INFO 2026-01-15 18:25:30,052 basehttp "GET / HTTP/1.1" 200 1662
INFO 2026-01-15 18:25:30,212 basehttp "GET /static/drf-yasg/style.css HTTP/1.1" 200 1047
INFO 2026-01-15 18:25:30,271 basehttp "GET /static/drf-yasg/swagger-ui-dist/swagger-ui.css HTTP/1.1" 200 145206
INFO 2026-01-15 18:25:30,364 basehttp "GET /static/drf-yasg/swagger-ui-dist/swagger-ui-bundle.js HTTP/1.1" 200 1046583
INFO 2026-01-15 18:25:30,437 basehttp "GET /static/drf-yasg/insQ.min.js HTTP/1.1" 200 2093
INFO 2026-01-15 18:25:30,536 basehttp "GET /static/drf-yasg/swagger-ui-init.js HTTP/1.1" 200 15480
INFO 2026-01-15 18:25:30,579 basehttp "GET /static/drf-yasg/immutable.min.js HTTP/1.1" 200 56904
INFO 2026-01-15 18:25:30,605 basehttp "GET /static/drf-yasg/swagger-ui-dist/swagger-ui-standalone-preset.js HTTP/1.1" 200 322863
INFO 2026-01-15 18:25:31,067 basehttp "GET /static/drf-yasg/swagger-ui-dist/favicon-32x32.png HTTP/1.1" 200 628
INFO 2026-01-15 18:25:31,069 basehttp "GET /?format=openapi HTTP/1.1" 200 52375
INFO 2026-01-15 18:28:36,080 basehttp "GET / HTTP/1.1" 200 1662
INFO 2026-01-15 18:28:36,603 basehttp "GET /?format=openapi HTTP/1.1" 200 52375
INFO 2026-01-15 18:28:38,735 basehttp "GET /admin HTTP/1.1" 301 0
INFO 2026-01-15 18:28:38,857 basehttp "GET /admin/ HTTP/1.1" 302 0
INFO 2026-01-15 18:28:38,918 basehttp "GET /admin/login/?next=/admin/ HTTP/1.1" 200 4155
INFO 2026-01-15 18:28:38,952 basehttp "GET /static/admin/css/base.css HTTP/1.1" 200 21544
INFO 2026-01-15 18:28:38,963 basehttp "GET /static/admin/css/nav_sidebar.css HTTP/1.1" 200 2810
INFO 2026-01-15 18:28:38,964 basehttp "GET /static/admin/css/dark_mode.css HTTP/1.1" 200 2682
INFO 2026-01-15 18:28:38,972 basehttp "GET /static/admin/css/login.css HTTP/1.1" 200 958
INFO 2026-01-15 18:28:38,974 basehttp "GET /static/admin/css/responsive.css HTTP/1.1" 200 17905
INFO 2026-01-15 18:28:38,983 basehttp "GET /static/admin/js/theme.js HTTP/1.1" 200 1943
INFO 2026-01-15 18:28:38,984 basehttp "GET /static/admin/js/nav_sidebar.js HTTP/1.1" 200 3063
WARNING 2026-01-15 18:28:39,083 log Not Found: /favicon.ico
WARNING 2026-01-15 18:28:39,085 basehttp "GET /favicon.ico HTTP/1.1" 404 3307
INFO 2026-01-15 18:28:47,854 basehttp "POST /admin/login/?next=/admin/ HTTP/1.1" 302 0
INFO 2026-01-15 18:28:47,920 basehttp "GET /admin/ HTTP/1.1" 200 15034
INFO 2026-01-15 18:28:47,957 basehttp "GET /static/admin/css/dashboard.css HTTP/1.1" 200 441
INFO 2026-01-15 18:28:47,968 basehttp "GET /static/admin/img/icon-addlink.svg HTTP/1.1" 200 331
INFO 2026-01-15 18:28:47,969 basehttp "GET /static/admin/img/icon-changelink.svg HTTP/1.1" 200 380
INFO 2026-01-15 18:28:52,898 basehttp "GET /admin/Account/customuser/ HTTP/1.1" 200 18063
INFO 2026-01-15 18:28:52,942 basehttp "GET /static/admin/css/changelists.css HTTP/1.1" 200 6811
INFO 2026-01-15 18:28:52,947 basehttp "GET /static/admin/js/core.js HTTP/1.1" 200 6208
INFO 2026-01-15 18:28:52,948 basehttp "GET /static/admin/js/admin/RelatedObjectLookups.js HTTP/1.1" 200 9042
INFO 2026-01-15 18:28:52,948 basehttp "GET /static/admin/js/jquery.init.js HTTP/1.1" 200 347
INFO 2026-01-15 18:28:52,963 basehttp "GET /admin/jsi18n/ HTTP/1.1" 200 3342
INFO 2026-01-15 18:28:52,963 basehttp "GET /static/admin/js/actions.js HTTP/1.1" 200 8067
INFO 2026-01-15 18:28:52,967 basehttp "GET /static/admin/js/prepopulate.js HTTP/1.1" 200 1531
INFO 2026-01-15 18:28:52,972 basehttp "GET /static/admin/js/urlify.js HTTP/1.1" 200 7887
INFO 2026-01-15 18:28:52,976 basehttp "GET /static/admin/js/vendor/jquery/jquery.js HTTP/1.1" 200 285314
INFO 2026-01-15 18:28:52,980 basehttp "GET /static/admin/js/vendor/xregexp/xregexp.js HTTP/1.1" 200 325171
INFO 2026-01-15 18:28:52,989 basehttp "GET /static/admin/img/icon-yes.svg HTTP/1.1" 200 436
INFO 2026-01-15 18:28:52,997 basehttp "GET /static/admin/img/search.svg HTTP/1.1" 200 458
INFO 2026-01-15 18:28:53,010 basehttp "GET /static/admin/img/icon-no.svg HTTP/1.1" 200 560
INFO 2026-01-15 18:28:53,018 basehttp "GET /static/admin/js/filters.js HTTP/1.1" 200 978
INFO 2026-01-15 18:28:53,064 basehttp "GET /static/admin/img/tooltag-add.svg HTTP/1.1" 200 331
INFO 2026-01-15 18:29:35,933 autoreload C:\Users\Admin\Desktop\Risk Simulator\core\views.py changed, reloading.
INFO 2026-01-15 18:29:39,028 autoreload Watching for file changes with StatReloader
INFO 2026-01-15 18:29:44,555 autoreload C:\Users\Admin\Desktop\Risk Simulator\core\views.py changed, reloading.
INFO 2026-01-15 18:29:46,982 autoreload Watching for file changes with StatReloader
INFO 2026-01-15 18:29:48,959 autoreload C:\Users\Admin\Desktop\Risk Simulator\core\views.py changed, reloading.
INFO 2026-01-15 18:29:50,810 autoreload Watching for file changes with StatReloader
INFO 2026-01-15 18:29:56,674 autoreload C:\Users\Admin\Desktop\Risk Simulator\core\views.py changed, reloading.
INFO 2026-01-15 18:29:59,523 autoreload Watching for file changes with StatReloader
INFO 2026-01-15 18:30:02,715 autoreload C:\Users\Admin\Desktop\Risk Simulator\core\views.py changed, reloading.
INFO 2026-01-15 18:30:04,724 autoreload Watching for file changes with StatReloader
INFO 2026-01-15 18:30:13,024 autoreload C:\Users\Admin\Desktop\Risk Simulator\core\views.py changed, reloading.
INFO 2026-01-15 18:30:15,638 autoreload Watching for file changes with StatReloader
INFO 2026-01-15 18:30:20,798 autoreload C:\Users\Admin\Desktop\Risk Simulator\core\views.py changed, reloading.
INFO 2026-01-15 18:30:23,688 autoreload Watching for file changes with StatReloader
INFO 2026-01-15 18:30:26,244 autoreload C:\Users\Admin\Desktop\Risk Simulator\core\views.py changed, reloading.
INFO 2026-01-15 18:30:30,039 autoreload Watching for file changes with StatReloader
INFO 2026-01-15 18:30:32,226 autoreload C:\Users\Admin\Desktop\Risk Simulator\core\views.py changed, reloading.
INFO 2026-01-15 18:30:33,880 autoreload Watching for file changes with StatReloader
INFO 2026-01-15 18:31:11,314 autoreload C:\Users\Admin\Desktop\Risk Simulator\core\views.py changed, reloading.
INFO 2026-01-15 18:31:12,913 autoreload Watching for file changes with StatReloader
INFO 2026-01-15 18:32:08,527 autoreload C:\Users\Admin\Desktop\Risk Simulator\core\views.py changed, reloading.
INFO 2026-01-15 18:32:12,151 autoreload Watching for file changes with StatReloader
INFO 2026-01-15 18:32:16,876 autoreload C:\Users\Admin\Desktop\Risk Simulator\core\views.py changed, reloading.
INFO 2026-01-15 18:32:18,877 autoreload Watching for file changes with StatReloader
INFO 2026-01-15 18:32:25,436 autoreload C:\Users\Admin\Desktop\Risk Simulator\core\views.py changed, reloading.
INFO 2026-01-15 18:32:27,145 autoreload Watching for file changes with StatReloader
INFO 2026-01-15 19:53:04,255 autoreload Watching for file changes with StatReloader
INFO 2026-01-15 19:53:11,534 basehttp "GET / HTTP/1.1" 200 1662
INFO 2026-01-15 19:53:12,137 basehttp "GET /?format=openapi HTTP/1.1" 200 53253
INFO 2026-01-15 19:54:01,769 autoreload C:\Users\Admin\Desktop\Risk Simulator\core\views.py changed, reloading.
INFO 2026-01-15 19:54:05,989 autoreload Watching for file changes with StatReloader
INFO 2026-01-15 19:54:20,580 autoreload C:\Users\Admin\Desktop\Risk Simulator\core\views.py changed, reloading.
INFO 2026-01-15 19:54:22,281 autoreload Watching for file changes with StatReloader
INFO 2026-01-15 19:54:27,230 autoreload C:\Users\Admin\Desktop\Risk Simulator\core\views.py changed, reloading.
INFO 2026-01-15 19:54:30,090 autoreload Watching for file changes with StatReloader
INFO 2026-01-15 19:54:35,913 autoreload C:\Users\Admin\Desktop\Risk Simulator\core\views.py changed, reloading.
INFO 2026-01-15 19:54:38,200 autoreload Watching for file changes with StatReloader
INFO 2026-01-15 19:54:41,495 autoreload C:\Users\Admin\Desktop\Risk Simulator\core\views.py changed, reloading.
INFO 2026-01-15 19:54:42,983 autoreload Watching for file changes with StatReloader
INFO 2026-01-15 19:54:57,597 autoreload C:\Users\Admin\Desktop\Risk Simulator\core\views.py changed, reloading.
INFO 2026-01-15 19:54:59,425 autoreload Watching for file changes with StatReloader
INFO 2026-01-15 19:55:03,371 basehttp "GET / HTTP/1.1" 200 1662
INFO 2026-01-15 19:55:03,722 basehttp "GET /?format=openapi HTTP/1.1" 200 53340
INFO 2026-01-15 19:55:30,087 basehttp "GET / HTTP/1.1" 200 1662
INFO 2026-01-15 19:55:30,642 basehttp "GET /?format=openapi HTTP/1.1" 200 53340
INFO 2026-01-15 19:55:34,799 basehttp "GET /admin/ HTTP/1.1" 200 15034
INFO 2026-01-15 19:55:37,838 basehttp "GET / HTTP/1.1" 200 1662
INFO 2026-01-15 19:55:38,389 basehttp "GET /?format=openapi HTTP/1.1" 200 53340
INFO 2026-01-15 19:55:51,475 basehttp "GET / HTTP/1.1" 200 1662
INFO 2026-01-15 19:55:51,646 basehttp "GET /static/drf-yasg/style.css HTTP/1.1" 200 1047
INFO 2026-01-15 19:55:51,654 basehttp "GET /static/drf-yasg/swagger-ui-dist/swagger-ui.css HTTP/1.1" 200 145206
INFO 2026-01-15 19:55:51,684 basehttp "GET /static/drf-yasg/swagger-ui-dist/swagger-ui-bundle.js HTTP/1.1" 200 1046583
INFO 2026-01-15 19:55:51,707 basehttp "GET /static/drf-yasg/swagger-ui-dist/swagger-ui-standalone-preset.js HTTP/1.1" 200 322863
INFO 2026-01-15 19:55:51,737 basehttp "GET /static/drf-yasg/insQ.min.js HTTP/1.1" 200 2093
INFO 2026-01-15 19:55:51,739 basehttp "GET /static/drf-yasg/immutable.min.js HTTP/1.1" 200 56904
INFO 2026-01-15 19:55:51,744 basehttp "GET /static/drf-yasg/swagger-ui-init.js HTTP/1.1" 200 15480
INFO 2026-01-15 19:55:52,185 basehttp "GET /?format=openapi HTTP/1.1" 200 53340
INFO 2026-01-15 19:55:52,186 basehttp "GET /static/drf-yasg/swagger-ui-dist/favicon-32x32.png HTTP/1.1" 200 628
INFO 2026-01-15 19:56:25,735 basehttp "POST /auth/login/ HTTP/1.1" 200 742
INFO 2026-01-15 19:57:02,816 basehttp "GET /core/organization/ HTTP/1.1" 200 322
INFO 2026-01-15 19:57:16,250 basehttp "GET /core/organization/request_list/ HTTP/1.1" 200 2
INFO 2026-01-15 19:58:22,247 basehttp "POST /auth/register/ HTTP/1.1" 201 137
INFO 2026-01-15 19:58:42,977 basehttp "POST /auth/verify-email/8f032ae7-5927-4b77-9034-baa15f0f29f7/ HTTP/1.1" 200 41
INFO 2026-01-15 19:59:14,528 basehttp "POST /auth/login/ HTTP/1.1" 200 735
INFO 2026-01-15 19:59:44,793 basehttp "GET /admin/Account/customuser/ HTTP/1.1" 200 18722
INFO 2026-01-15 19:59:44,837 basehttp "GET /admin/jsi18n/ HTTP/1.1" 200 3342
WARNING 2026-01-15 19:59:56,468 log Not Found: /core/organization/
WARNING 2026-01-15 19:59:56,469 basehttp "GET /core/organization/ HTTP/1.1" 404 52
WARNING 2026-01-15 20:00:08,028 log Bad Request: /core/organization/request_list/
WARNING 2026-01-15 20:00:08,030 basehttp "GET /core/organization/request_list/ HTTP/1.1" 400 56
ERROR 2026-01-15 20:00:51,314 log Internal Server Error: /core/organization/f7b2082c-27f4-4fb8-9e11-bb6afda25c24/request/
Traceback (most recent call last):
  File "C:\Users\Admin\Desktop\Risk Simulator\ENV\lib\site-packages\rest_framework\views.py", line 506, in dispatch
    response = handler(request, *args, **kwargs)
  File "C:\Users\Admin\Desktop\Risk Simulator\ENV\lib\site-packages\rest_framework\decorators.py", line 50, in handler
    return func(*args, **kwargs)
  File "C:\Users\Admin\Desktop\Risk Simulator\core\views.py", line 403, in send_request_to_organization
    org_request = OrganizationRequest.objects.get(user=profile, organization=organization)
  File "C:\Users\Admin\Desktop\Risk Simulator\ENV\lib\site-packages\django\db\models\manager.py", line 87, in manager_method
    return getattr(self.get_queryset(), name)(*args, **kwargs)
  File "C:\Users\Admin\Desktop\Risk Simulator\ENV\lib\site-packages\django\db\models\query.py", line 647, in get
    raise self.model.DoesNotExist(
core.models.OrganizationRequest.DoesNotExist: OrganizationRequest matching query does not exist.

During handling of the above exception, another exception occurred:

Traceback (most recent call last):
  File "C:\Users\Admin\Desktop\Risk Simulator\ENV\lib\site-packages\rest_framework\settings.py", line 177, in import_from_string
    return import_string(val)
  File "C:\Users\Admin\Desktop\Risk Simulator\ENV\lib\site-packages\django\utils\module_loading.py", line 30, in import_string
    return cached_import(module_path, class_name)
  File "C:\Users\Admin\Desktop\Risk Simulator\ENV\lib\site-packages\django\utils\module_loading.py", line 15, in cached_import
    module = import_module(module_path)
  File "C:\Users\Admin\AppData\Local\Programs\Python\Python310\lib\importlib\__init__.py", line 126, in import_module
    return _bootstrap._gcd_import(name[level:], package, level)
  File "<frozen importlib._bootstrap>", line 1050, in _gcd_import
  File "<frozen importlib._bootstrap>", line 1027, in _find_and_load
  File "<frozen importlib._bootstrap>", line 1004, in _find_and_load_unlocked
ModuleNotFoundError: No module named 'core.exceptions'

During handling of the above exception, another exception occurred:

Traceback (most recent call last):
  File "C:\Users\Admin\Desktop\Risk Simulator\ENV\lib\site-packages\django\core\handlers\exception.py", line 55, in inner
    response = get_response(request)
  File "C:\Users\Admin\Desktop\Risk Simulator\ENV\lib\site-packages\django\core\handlers\base.py", line 197, in _get_response
    response = wrapped_callback(request, *callback_args, **callback_kwargs)
  File "C:\Users\Admin\Desktop\Risk Simulator\ENV\lib\site-packages\django\views\decorators\csrf.py", line 65, in _view_wrapper
    return view_func(request, *args, **kwargs)
  File "C:\Users\Admin\Desktop\Risk Simulator\ENV\lib\site-packages\django\views\generic\base.py", line 104, in view
    return self.dispatch(request, *args, **kwargs)
  File "C:\Users\Admin\Desktop\Risk Simulator\ENV\lib\site-packages\rest_framework\views.py", line 509, in dispatch
    response = self.handle_exception(exc)
  File "C:\Users\Admin\Desktop\Risk Simulator\ENV\lib\site-packages\rest_framework\views.py", line 463, in handle_exception
    exception_handler = self.get_exception_handler()
  File "C:\Users\Admin\Desktop\Risk Simulator\ENV\lib\site-packages\rest_framework\views.py", line 298, in get_exception_handler
    return self.settings.EXCEPTION_HANDLER
  File "C:\Users\Admin\Desktop\Risk Simulator\ENV\lib\site-packages\rest_framework\settings.py", line 225, in __getattr__
    val = perform_import(val, attr)
  File "C:\Users\Admin\Desktop\Risk Simulator\ENV\lib\site-packages\rest_framework\settings.py", line 166, in perform_import
    return import_from_string(val, setting_name)
  File "C:\Users\Admin\Desktop\Risk Simulator\ENV\lib\site-packages\rest_framework\settings.py", line 180, in import_from_string
    raise ImportError(msg)
ImportError: Could not import 'core.exceptions.custom_exception_handler' for API setting 'EXCEPTION_HANDLER'. ModuleNotFoundError: No module named 'core.exceptions'.
ERROR 2026-01-15 20:00:51,328 basehttp "POST /core/organization/f7b2082c-27f4-4fb8-9e11-bb6afda25c24/request/ HTTP/1.1" 500 25111
ERROR 2026-01-15 20:01:50,962 log Internal Server Error: /core/organization/f7b2082c-27f4-4fb8-9e11-bb6afda25c24/request/
Traceback (most recent call last):
  File "C:\Users\Admin\Desktop\Risk Simulator\ENV\lib\site-packages\rest_framework\views.py", line 506, in dispatch
    response = handler(request, *args, **kwargs)
  File "C:\Users\Admin\Desktop\Risk Simulator\ENV\lib\site-packages\rest_framework\decorators.py", line 50, in handler
    return func(*args, **kwargs)
  File "C:\Users\Admin\Desktop\Risk Simulator\core\views.py", line 403, in send_request_to_organization
    org_request = OrganizationRequest.objects.get(user=profile, organization=organization)
  File "C:\Users\Admin\Desktop\Risk Simulator\ENV\lib\site-packages\django\db\models\manager.py", line 87, in manager_method
    return getattr(self.get_queryset(), name)(*args, **kwargs)
  File "C:\Users\Admin\Desktop\Risk Simulator\ENV\lib\site-packages\django\db\models\query.py", line 647, in get
    raise self.model.DoesNotExist(
core.models.OrganizationRequest.DoesNotExist: OrganizationRequest matching query does not exist.

During handling of the above exception, another exception occurred:

Traceback (most recent call last):
  File "C:\Users\Admin\Desktop\Risk Simulator\ENV\lib\site-packages\rest_framework\settings.py", line 177, in import_from_string
    return import_string(val)
  File "C:\Users\Admin\Desktop\Risk Simulator\ENV\lib\site-packages\django\utils\module_loading.py", line 30, in import_string
    return cached_import(module_path, class_name)
  File "C:\Users\Admin\Desktop\Risk Simulator\ENV\lib\site-packages\django\utils\module_loading.py", line 15, in cached_import
    module = import_module(module_path)
  File "C:\Users\Admin\AppData\Local\Programs\Python\Python310\lib\importlib\__init__.py", line 126, in import_module
    return _bootstrap._gcd_import(name[level:], package, level)
  File "<frozen importlib._bootstrap>", line 1050, in _gcd_import
  File "<frozen importlib._bootstrap>", line 1027, in _find_and_load
  File "<frozen importlib._bootstrap>", line 1004, in _find_and_load_unlocked
ModuleNotFoundError: No module named 'core.exceptions'

During handling of the above exception, another exception occurred:

Traceback (most recent call last):
  File "C:\Users\Admin\Desktop\Risk Simulator\ENV\lib\site-packages\django\core\handlers\exception.py", line 55, in inner
    response = get_response(request)
  File "C:\Users\Admin\Desktop\Risk Simulator\ENV\lib\site-packages\django\core\handlers\base.py", line 197, in _get_response
    response = wrapped_callback(request, *callback_args, **callback_kwargs)
  File "C:\Users\Admin\Desktop\Risk Simulator\ENV\lib\site-packages\django\views\decorators\csrf.py", line 65, in _view_wrapper
    return view_func(request, *args, **kwargs)
  File "C:\Users\Admin\Desktop\Risk Simulator\ENV\lib\site-packages\django\views\generic\base.py", line 104, in view
    return self.dispatch(request, *args, **kwargs)
  File "C:\Users\Admin\Desktop\Risk Simulator\ENV\lib\site-packages\rest_framework\views.py", line 509, in dispatch
    response = self.handle_exception(exc)
  File "C:\Users\Admin\Desktop\Risk Simulator\ENV\lib\site-packages\rest_framework\views.py", line 463, in handle_exception
    exception_handler = self.get_exception_handler()
  File "C:\Users\Admin\Desktop\Risk Simulator\ENV\lib\site-packages\rest_framework\views.py", line 298, in get_exception_handler
    return self.settings.EXCEPTION_HANDLER
  File "C:\Users\Admin\Desktop\Risk Simulator\ENV\lib\site-packages\rest_framework\settings.py", line 225, in __getattr__
    val = perform_import(val, attr)
  File "C:\Users\Admin\Desktop\Risk Simulator\ENV\lib\site-packages\rest_framework\settings.py", line 166, in perform_import
    return import_from_string(val, setting_name)
  File "C:\Users\Admin\Desktop\Risk Simulator\ENV\lib\site-packages\rest_framework\settings.py", line 180, in import_from_string
    raise ImportError(msg)
ImportError: Could not import 'core.exceptions.custom_exception_handler' for API setting 'EXCEPTION_HANDLER'. ModuleNotFoundError: No module named 'core.exceptions'.
ERROR 2026-01-15 20:01:50,972 basehttp "POST /core/organization/f7b2082c-27f4-4fb8-9e11-bb6afda25c24/request/ HTTP/1.1" 500 25286
INFO 2026-01-15 20:02:14,541 autoreload C:\Users\Admin\Desktop\Risk Simulator\core\views.py changed, reloading.
INFO 2026-01-15 20:02:16,869 autoreload Watching for file changes with StatReloader
INFO 2026-01-15 20:02:22,385 autoreload C:\Users\Admin\Desktop\Risk Simulator\core\views.py changed, reloading.
INFO 2026-01-15 20:02:24,300 autoreload Watching for file changes with StatReloader
INFO 2026-01-15 20:02:27,496 autoreload C:\Users\Admin\Desktop\Risk Simulator\core\views.py changed, reloading.
INFO 2026-01-15 20:02:30,024 autoreload Watching for file changes with StatReloader
INFO 2026-01-15 20:02:34,760 autoreload C:\Users\Admin\Desktop\Risk Simulator\core\views.py changed, reloading.
INFO 2026-01-15 20:02:36,895 autoreload Watching for file changes with StatReloader
ERROR 2026-01-15 20:02:43,036 log Internal Server Error: /core/organization/f7b2082c-27f4-4fb8-9e11-bb6afda25c24/request/
Traceback (most recent call last):
  File "C:\Users\Admin\Desktop\Risk Simulator\ENV\lib\site-packages\rest_framework\views.py", line 506, in dispatch
    response = handler(request, *args, **kwargs)
  File "C:\Users\Admin\Desktop\Risk Simulator\ENV\lib\site-packages\rest_framework\decorators.py", line 50, in handler
    return func(*args, **kwargs)
  File "C:\Users\Admin\Desktop\Risk Simulator\core\views.py", line 404, in send_request_to_organization
    org_request = OrganizationRequest.objects.get(user=profile, organization=organization)
  File "C:\Users\Admin\Desktop\Risk Simulator\ENV\lib\site-packages\django\db\models\manager.py", line 87, in manager_method
    return getattr(self.get_queryset(), name)(*args, **kwargs)
  File "C:\Users\Admin\Desktop\Risk Simulator\ENV\lib\site-packages\django\db\models\query.py", line 647, in get
    raise self.model.DoesNotExist(
core.models.OrganizationRequest.DoesNotExist: OrganizationRequest matching query does not exist.

During handling of the above exception, another exception occurred:

Traceback (most recent call last):
  File "C:\Users\Admin\Desktop\Risk Simulator\ENV\lib\site-packages\rest_framework\settings.py", line 177, in import_from_string
    return import_string(val)
  File "C:\Users\Admin\Desktop\Risk Simulator\ENV\lib\site-packages\django\utils\module_loading.py", line 30, in import_string
    return cached_import(module_path, class_name)
  File "C:\Users\Admin\Desktop\Risk Simulator\ENV\lib\site-packages\django\utils\module_loading.py", line 15, in cached_import
    module = import_module(module_path)
  File "C:\Users\Admin\AppData\Local\Programs\Python\Python310\lib\importlib\__init__.py", line 126, in import_module
    return _bootstrap._gcd_import(name[level:], package, level)
  File "<frozen importlib._bootstrap>", line 1050, in _gcd_import
  File "<frozen importlib._bootstrap>", line 1027, in _find_and_load
  File "<frozen importlib._bootstrap>", line 1004, in _find_and_load_unlocked
ModuleNotFoundError: No module named 'core.exceptions'

During handling of the above exception, another exception occurred:

Traceback (most recent call last):
  File "C:\Users\Admin\Desktop\Risk Simulator\ENV\lib\site-packages\django\core\handlers\exception.py", line 55, in inner
    response = get_response(request)
  File "C:\Users\Admin\Desktop\Risk Simulator\ENV\lib\site-packages\django\core\handlers\base.py", line 197, in _get_response
    response = wrapped_callback(request, *callback_args, **callback_kwargs)
  File "C:\Users\Admin\Desktop\Risk Simulator\ENV\lib\site-packages\django\views\decorators\csrf.py", line 65, in _view_wrapper
    return view_func(request, *args, **kwargs)
  File "C:\Users\Admin\Desktop\Risk Simulator\ENV\lib\site-packages\django\views\generic\base.py", line 104, in view
    return self.dispatch(request, *args, **kwargs)
  File "C:\Users\Admin\Desktop\Risk Simulator\ENV\lib\site-packages\rest_framework\views.py", line 509, in dispatch
    response = self.handle_exception(exc)
  File "C:\Users\Admin\Desktop\Risk Simulator\ENV\lib\site-packages\rest_framework\views.py", line 463, in handle_exception
    exception_handler = self.get_exception_handler()
  File "C:\Users\Admin\Desktop\Risk Simulator\ENV\lib\site-packages\rest_framework\views.py", line 298, in get_exception_handler
    return self.settings.EXCEPTION_HANDLER
  File "C:\Users\Admin\Desktop\Risk Simulator\ENV\lib\site-packages\rest_framework\settings.py", line 225, in __getattr__
    val = perform_import(val, attr)
  File "C:\Users\Admin\Desktop\Risk Simulator\ENV\lib\site-packages\rest_framework\settings.py", line 166, in perform_import
    return import_from_string(val, setting_name)
  File "C:\Users\Admin\Desktop\Risk Simulator\ENV\lib\site-packages\rest_framework\settings.py", line 180, in import_from_string
    raise ImportError(msg)
ImportError: Could not import 'core.exceptions.custom_exception_handler' for API setting 'EXCEPTION_HANDLER'. ModuleNotFoundError: No module named 'core.exceptions'.
ERROR 2026-01-15 20:02:43,065 basehttp "POST /core/organization/f7b2082c-27f4-4fb8-9e11-bb6afda25c24/request/ HTTP/1.1" 500 25286
INFO 2026-01-15 20:04:16,860 autoreload C:\Users\Admin\Desktop\Risk Simulator\core\views.py changed, reloading.
INFO 2026-01-15 20:04:18,576 autoreload Watching for file changes with StatReloader
WARNING 2026-01-15 20:04:23,620 log Bad Request: /core/organization/f7b2082c-27f4-4fb8-9e11-bb6afda25c24/request/
WARNING 2026-01-15 20:04:23,622 basehttp "POST /core/organization/f7b2082c-27f4-4fb8-9e11-bb6afda25c24/request/ HTTP/1.1" 400 51
INFO 2026-01-15 20:04:42,202 autoreload C:\Users\Admin\Desktop\Risk Simulator\core\views.py changed, reloading.
INFO 2026-01-15 20:04:43,787 autoreload Watching for file changes with StatReloader
INFO 2026-01-15 20:05:26,857 autoreload C:\Users\Admin\Desktop\Risk Simulator\core\views.py changed, reloading.
INFO 2026-01-15 20:05:29,001 autoreload Watching for file changes with StatReloader
INFO 2026-01-15 20:05:32,463 autoreload C:\Users\Admin\Desktop\Risk Simulator\core\views.py changed, reloading.
INFO 2026-01-15 20:05:34,485 autoreload Watching for file changes with StatReloader
INFO 2026-01-15 20:05:37,443 autoreload C:\Users\Admin\Desktop\Risk Simulator\core\views.py changed, reloading.
INFO 2026-01-15 20:05:38,944 autoreload Watching for file changes with StatReloader
INFO 2026-01-15 20:05:42,167 autoreload C:\Users\Admin\Desktop\Risk Simulator\core\views.py changed, reloading.
INFO 2026-01-15 20:05:44,331 autoreload Watching for file changes with StatReloader
INFO 2026-01-15 20:05:48,596 autoreload C:\Users\Admin\Desktop\Risk Simulator\core\views.py changed, reloading.
INFO 2026-01-15 20:05:51,414 autoreload Watching for file changes with StatReloader
INFO 2026-01-15 20:05:53,850 autoreload C:\Users\Admin\Desktop\Risk Simulator\core\views.py changed, reloading.
INFO 2026-01-15 20:05:56,329 autoreload Watching for file changes with StatReloader
INFO 2026-01-15 20:05:58,993 autoreload C:\Users\Admin\Desktop\Risk Simulator\core\views.py changed, reloading.
INFO 2026-01-15 20:06:01,513 autoreload Watching for file changes with StatReloader
INFO 2026-01-15 20:06:04,849 autoreload C:\Users\Admin\Desktop\Risk Simulator\core\views.py changed, reloading.
INFO 2026-01-15 20:06:06,354 autoreload Watching for file changes with StatReloader
INFO 2026-01-15 20:06:11,144 autoreload C:\Users\Admin\Desktop\Risk Simulator\core\views.py changed, reloading.
INFO 2026-01-15 20:06:12,838 autoreload Watching for file changes with StatReloader
INFO 2026-01-15 20:06:29,023 basehttp "POST /core/organization/f7b2082c-27f4-4fb8-9e11-bb6afda25c24/request/ HTTP/1.1" 201 39
WARNING 2026-01-15 20:06:32,254 log Bad Request: /core/organization/f7b2082c-27f4-4fb8-9e11-bb6afda25c24/request/
WARNING 2026-01-15 20:06:32,255 basehttp "POST /core/organization/f7b2082c-27f4-4fb8-9e11-bb6afda25c24/request/ HTTP/1.1" 400 53
ERROR 2026-01-15 20:06:47,558 log Internal Server Error: /core/organization/request_list/
Traceback (most recent call last):
  File "C:\Users\Admin\Desktop\Risk Simulator\ENV\lib\site-packages\rest_framework\views.py", line 506, in dispatch
    response = handler(request, *args, **kwargs)
  File "C:\Users\Admin\Desktop\Risk Simulator\ENV\lib\site-packages\rest_framework\decorators.py", line 50, in handler
    return func(*args, **kwargs)
  File "C:\Users\Admin\Desktop\Risk Simulator\core\views.py", line 424, in get_request_list
    return Response(serializer.data, status=status.HTTP_200_OK)
  File "C:\Users\Admin\Desktop\Risk Simulator\ENV\lib\site-packages\rest_framework\serializers.py", line 768, in data
    ret = super().data
  File "C:\Users\Admin\Desktop\Risk Simulator\ENV\lib\site-packages\rest_framework\serializers.py", line 253, in data
    self._data = self.to_representation(self.instance)
  File "C:\Users\Admin\Desktop\Risk Simulator\ENV\lib\site-packages\rest_framework\serializers.py", line 686, in to_representation
    return [
  File "C:\Users\Admin\Desktop\Risk Simulator\ENV\lib\site-packages\rest_framework\serializers.py", line 687, in <listcomp>
    self.child.to_representation(item) for item in iterable
  File "C:\Users\Admin\Desktop\Risk Simulator\ENV\lib\site-packages\rest_framework\serializers.py", line 507, in to_representation
    for field in fields:
  File "C:\Users\Admin\Desktop\Risk Simulator\ENV\lib\site-packages\rest_framework\serializers.py", line 368, in _readable_fields
    for field in self.fields.values():
  File "C:\Users\Admin\Desktop\Risk Simulator\ENV\lib\site-packages\django\utils\functional.py", line 47, in __get__
    res = instance.__dict__[self.name] = self.func(instance)
  File "C:\Users\Admin\Desktop\Risk Simulator\ENV\lib\site-packages\rest_framework\serializers.py", line 356, in fields
    for key, value in self.get_fields().items():
  File "C:\Users\Admin\Desktop\Risk Simulator\ENV\lib\site-packages\rest_framework\serializers.py", line 1032, in get_fields
    assert hasattr(self.Meta, 'model'), (
AssertionError: Class OrganizationRequestSerializer missing "Meta.model" attribute

During handling of the above exception, another exception occurred:

Traceback (most recent call last):
  File "C:\Users\Admin\Desktop\Risk Simulator\ENV\lib\site-packages\rest_framework\settings.py", line 177, in import_from_string
    return import_string(val)
  File "C:\Users\Admin\Desktop\Risk Simulator\ENV\lib\site-packages\django\utils\module_loading.py", line 30, in import_string
    return cached_import(module_path, class_name)
  File "C:\Users\Admin\Desktop\Risk Simulator\ENV\lib\site-packages\django\utils\module_loading.py", line 15, in cached_import
    module = import_module(module_path)
  File "C:\Users\Admin\AppData\Local\Programs\Python\Python310\lib\importlib\__init__.py", line 126, in import_module
    return _bootstrap._gcd_import(name[level:], package, level)
  File "<frozen importlib._bootstrap>", line 1050, in _gcd_import
  File "<frozen importlib._bootstrap>", line 1027, in _find_and_load
  File "<frozen importlib._bootstrap>", line 1004, in _find_and_load_unlocked
ModuleNotFoundError: No module named 'core.exceptions'

During handling of the above exception, another exception occurred:

Traceback (most recent call last):
  File "C:\Users\Admin\Desktop\Risk Simulator\ENV\lib\site-packages\django\core\handlers\exception.py", line 55, in inner
    response = get_response(request)
  File "C:\Users\Admin\Desktop\Risk Simulator\ENV\lib\site-packages\django\core\handlers\base.py", line 197, in _get_response
    response = wrapped_callback(request, *callback_args, **callback_kwargs)
  File "C:\Users\Admin\Desktop\Risk Simulator\ENV\lib\site-packages\django\views\decorators\csrf.py", line 65, in _view_wrapper
    return view_func(request, *args, **kwargs)
  File "C:\Users\Admin\Desktop\Risk Simulator\ENV\lib\site-packages\django\views\generic\base.py", line 104, in view
    return self.dispatch(request, *args, **kwargs)
  File "C:\Users\Admin\Desktop\Risk Simulator\ENV\lib\site-packages\rest_framework\views.py", line 509, in dispatch
    response = self.handle_exception(exc)
  File "C:\Users\Admin\Desktop\Risk Simulator\ENV\lib\site-packages\rest_framework\views.py", line 463, in handle_exception
    exception_handler = self.get_exception_handler()
  File "C:\Users\Admin\Desktop\Risk Simulator\ENV\lib\site-packages\rest_framework\views.py", line 298, in get_exception_handler
    return self.settings.EXCEPTION_HANDLER
  File "C:\Users\Admin\Desktop\Risk Simulator\ENV\lib\site-packages\rest_framework\settings.py", line 225, in __getattr__
    val = perform_import(val, attr)
  File "C:\Users\Admin\Desktop\Risk Simulator\ENV\lib\site-packages\rest_framework\settings.py", line 166, in perform_import
    return import_from_string(val, setting_name)
  File "C:\Users\Admin\Desktop\Risk Simulator\ENV\lib\site-packages\rest_framework\settings.py", line 180, in import_from_string
    raise ImportError(msg)
ImportError: Could not import 'core.exceptions.custom_exception_handler' for API setting 'EXCEPTION_HANDLER'. ModuleNotFoundError: No module named 'core.exceptions'.
ERROR 2026-01-15 20:06:47,582 basehttp "GET /core/organization/request_list/ HTTP/1.1" 500 26227
INFO 2026-01-15 20:10:28,360 autoreload C:\Users\Admin\Desktop\Risk Simulator\core\serializers.py changed, reloading.
INFO 2026-01-15 20:10:31,441 autoreload Watching for file changes with StatReloader
INFO 2026-01-15 20:10:34,433 autoreload C:\Users\Admin\Desktop\Risk Simulator\core\serializers.py changed, reloading.
INFO 2026-01-15 20:10:37,582 autoreload Watching for file changes with StatReloader
INFO 2026-01-15 20:10:51,958 autoreload C:\Users\Admin\Desktop\Risk Simulator\core\serializers.py changed, reloading.
INFO 2026-01-15 20:10:53,579 autoreload Watching for file changes with StatReloader
INFO 2026-01-15 20:10:58,418 basehttp "GET /core/organization/request_list/ HTTP/1.1" 200 446
WARNING 2026-01-15 20:11:27,173 log Bad Request: /core/organization/request_list/
WARNING 2026-01-15 20:11:27,177 basehttp "GET /core/organization/request_list/ HTTP/1.1" 400 56
WARNING 2026-01-15 20:11:50,438 log Bad Request: /core/organization/0dc2ca7c-d4f6-4c2b-a63f-7524769948b1/approve/
WARNING 2026-01-15 20:11:50,440 basehttp "POST /core/organization/0dc2ca7c-d4f6-4c2b-a63f-7524769948b1/approve/ HTTP/1.1" 400 56
INFO 2026-01-15 20:12:03,080 basehttp "POST /core/organization/0dc2ca7c-d4f6-4c2b-a63f-7524769948b1/approve/ HTTP/1.1" 200 35
INFO 2026-01-15 20:12:27,141 autoreload C:\Users\Admin\Desktop\Risk Simulator\core\views.py changed, reloading.
INFO 2026-01-15 20:12:31,075 autoreload Watching for file changes with StatReloader
INFO 2026-01-15 20:12:33,644 autoreload C:\Users\Admin\Desktop\Risk Simulator\core\views.py changed, reloading.
INFO 2026-01-15 20:12:36,219 autoreload Watching for file changes with StatReloader
INFO 2026-01-15 20:12:41,512 autoreload C:\Users\Admin\Desktop\Risk Simulator\core\views.py changed, reloading.
INFO 2026-01-15 20:12:43,686 autoreload Watching for file changes with StatReloader
INFO 2026-01-15 20:12:47,127 autoreload C:\Users\Admin\Desktop\Risk Simulator\core\views.py changed, reloading.
INFO 2026-01-15 20:12:49,213 autoreload Watching for file changes with StatReloader
INFO 2026-01-15 20:12:51,725 autoreload C:\Users\Admin\Desktop\Risk Simulator\core\views.py changed, reloading.
INFO 2026-01-15 20:12:54,033 autoreload Watching for file changes with StatReloader
INFO 2026-01-15 20:13:01,413 autoreload C:\Users\Admin\Desktop\Risk Simulator\core\views.py changed, reloading.
INFO 2026-01-15 20:13:04,481 autoreload Watching for file changes with StatReloader
INFO 2026-01-15 20:13:10,013 autoreload C:\Users\Admin\Desktop\Risk Simulator\core\views.py changed, reloading.
INFO 2026-01-15 20:13:12,465 autoreload Watching for file changes with StatReloader
WARNING 2026-01-15 20:13:22,089 log Bad Request: /core/organization/0dc2ca7c-d4f6-4c2b-a63f-7524769948b1/approve/
WARNING 2026-01-15 20:13:22,091 basehttp "POST /core/organization/0dc2ca7c-d4f6-4c2b-a63f-7524769948b1/approve/ HTTP/1.1" 400 56
WARNING 2026-01-15 20:13:25,032 log Bad Request: /core/organization/0dc2ca7c-d4f6-4c2b-a63f-7524769948b1/approve/
WARNING 2026-01-15 20:13:25,033 basehttp "POST /core/organization/0dc2ca7c-d4f6-4c2b-a63f-7524769948b1/approve/ HTTP/1.1" 400 56
INFO 2026-01-15 20:13:38,420 basehttp "GET /admin/Account/customuser/ HTTP/1.1" 200 18722
INFO 2026-01-15 20:13:38,468 basehttp "GET /admin/jsi18n/ HTTP/1.1" 200 3342
INFO 2026-01-15 20:13:58,653 autoreload C:\Users\Admin\Desktop\Risk Simulator\core\admin.py changed, reloading.
INFO 2026-01-15 20:14:00,741 autoreload Watching for file changes with StatReloader
INFO 2026-01-15 20:14:03,456 autoreload C:\Users\Admin\Desktop\Risk Simulator\core\admin.py changed, reloading.
INFO 2026-01-15 20:14:05,974 autoreload Watching for file changes with StatReloader
INFO 2026-01-15 20:14:09,294 autoreload C:\Users\Admin\Desktop\Risk Simulator\core\admin.py changed, reloading.
INFO 2026-01-15 20:14:11,074 autoreload Watching for file changes with StatReloader
INFO 2026-01-15 20:14:14,400 basehttp "GET /admin/Account/customuser/ HTTP/1.1" 200 19061
INFO 2026-01-15 20:14:14,437 basehttp "GET /admin/jsi18n/ HTTP/1.1" 200 3342
INFO 2026-01-15 20:14:17,504 basehttp "GET /admin/core/organizationrequest/ HTTP/1.1" 200 15789
INFO 2026-01-15 20:14:17,542 basehttp "GET /admin/jsi18n/ HTTP/1.1" 200 3342
INFO 2026-01-15 20:14:19,165 basehttp "GET /admin/core/organizationrequest/0dc2ca7c-d4f6-4c2b-a63f-7524769948b1/change/ HTTP/1.1" 200 18980
INFO 2026-01-15 20:14:19,204 basehttp "GET /admin/jsi18n/ HTTP/1.1" 200 3342
INFO 2026-01-15 20:14:19,333 basehttp "GET /static/admin/css/forms.css HTTP/1.1" 200 9090
INFO 2026-01-15 20:14:19,356 basehttp "GET /static/admin/js/prepopulate_init.js HTTP/1.1" 200 586
INFO 2026-01-15 20:14:19,360 basehttp "GET /static/admin/css/widgets.css HTTP/1.1" 200 11800
INFO 2026-01-15 20:14:19,384 basehttp "GET /static/admin/img/icon-viewlink.svg HTTP/1.1" 200 581
INFO 2026-01-15 20:14:19,401 basehttp "GET /static/admin/js/change_form.js HTTP/1.1" 200 606
INFO 2026-01-15 20:14:27,965 basehttp "GET /admin/core/userprofile/ HTTP/1.1" 200 18260
INFO 2026-01-15 20:14:28,006 basehttp "GET /admin/jsi18n/ HTTP/1.1" 200 3342
INFO 2026-01-15 20:14:31,709 basehttp "GET /admin/core/userprofile/46e6ed1c-5307-48d9-9a38-a088ff57d0cc/change/ HTTP/1.1" 200 21821
INFO 2026-01-15 20:14:31,744 basehttp "GET /admin/jsi18n/ HTTP/1.1" 200 3342
INFO 2026-01-15 20:15:09,987 autoreload C:\Users\Admin\Desktop\Risk Simulator\core\views.py changed, reloading.
INFO 2026-01-15 20:15:11,725 autoreload Watching for file changes with StatReloader
INFO 2026-01-15 20:15:18,121 basehttp "GET /admin/core/organizationrequest/ HTTP/1.1" 200 15789
INFO 2026-01-15 20:15:18,170 basehttp "GET /admin/jsi18n/ HTTP/1.1" 200 3342
INFO 2026-01-15 20:15:18,826 basehttp "GET /admin/core/organizationrequest/0dc2ca7c-d4f6-4c2b-a63f-7524769948b1/change/ HTTP/1.1" 200 18980
INFO 2026-01-15 20:15:18,862 basehttp "GET /admin/jsi18n/ HTTP/1.1" 200 3342
INFO 2026-01-15 20:15:21,582 basehttp "POST /admin/core/organizationrequest/0dc2ca7c-d4f6-4c2b-a63f-7524769948b1/change/ HTTP/1.1" 302 0
INFO 2026-01-15 20:15:21,625 basehttp "GET /admin/core/organizationrequest/ HTTP/1.1" 200 16057
INFO 2026-01-15 20:15:21,666 basehttp "GET /admin/jsi18n/ HTTP/1.1" 200 3342
INFO 2026-01-15 20:15:23,764 basehttp "GET /admin/core/organizationrequest/0dc2ca7c-d4f6-4c2b-a63f-7524769948b1/change/ HTTP/1.1" 200 18972
INFO 2026-01-15 20:15:23,804 basehttp "GET /admin/jsi18n/ HTTP/1.1" 200 3342
INFO 2026-01-15 20:15:32,927 basehttp "POST /core/organization/0dc2ca7c-d4f6-4c2b-a63f-7524769948b1/approve/ HTTP/1.1" 200 35
INFO 2026-01-15 20:15:35,398 basehttp "GET /admin/core/organizationrequest/0dc2ca7c-d4f6-4c2b-a63f-7524769948b1/change/ HTTP/1.1" 200 18980
INFO 2026-01-15 20:15:35,435 basehttp "GET /admin/jsi18n/ HTTP/1.1" 200 3342
INFO 2026-01-15 20:15:38,255 basehttp "GET /admin/core/userprofile/ HTTP/1.1" 200 18267
INFO 2026-01-15 20:15:38,292 basehttp "GET /admin/jsi18n/ HTTP/1.1" 200 3342
INFO 2026-01-15 20:15:40,091 basehttp "GET /admin/core/userprofile/46e6ed1c-5307-48d9-9a38-a088ff57d0cc/change/ HTTP/1.1" 200 21821
INFO 2026-01-15 20:15:40,131 basehttp "GET /admin/jsi18n/ HTTP/1.1" 200 3342
WARNING 2026-01-15 20:15:48,104 log Bad Request: /core/organization/0dc2ca7c-d4f6-4c2b-a63f-7524769948b1/approve/
WARNING 2026-01-15 20:15:48,106 basehttp "POST /core/organization/0dc2ca7c-d4f6-4c2b-a63f-7524769948b1/approve/ HTTP/1.1" 400 36
WARNING 2026-01-15 20:15:53,459 log Bad Request: /core/organization/0dc2ca7c-d4f6-4c2b-a63f-7524769948b1/approve/
WARNING 2026-01-15 20:15:53,461 basehttp "POST /core/organization/0dc2ca7c-d4f6-4c2b-a63f-7524769948b1/approve/ HTTP/1.1" 400 38
INFO 2026-01-15 20:16:06,766 basehttp "GET /core/organization/ HTTP/1.1" 200 385
WARNING 2026-01-15 20:16:15,869 log Bad Request: /core/organization/request_list/
WARNING 2026-01-15 20:16:15,870 basehttp "GET /core/organization/request_list/ HTTP/1.1" 400 36
INFO 2026-01-15 20:16:31,449 basehttp "GET /core/organization/stats/ HTTP/1.1" 200 232
INFO 2026-01-15 20:16:42,890 basehttp "GET /core/organization/request_list/ HTTP/1.1" 200 510
INFO 2026-01-15 20:17:06,702 autoreload C:\Users\Admin\Desktop\Risk Simulator\core\views.py changed, reloading.
INFO 2026-01-15 20:17:09,635 autoreload Watching for file changes with StatReloader
INFO 2026-01-15 20:17:13,847 basehttp "GET /core/organization/request_list/ HTTP/1.1" 200 2
INFO 2026-01-15 20:17:24,386 basehttp "GET /core/organization/ HTTP/1.1" 200 385
INFO 2026-01-15 20:17:32,752 basehttp "GET /core/users/permissions/ HTTP/1.1" 200 470
INFO 2026-01-15 20:17:55,729 basehttp "GET /core/users/me/ HTTP/1.1" 200 609
